<?xml version="1.0" encoding="utf-8"?>
<CoverageSession xmlns:xsd="http://www.w3.org/2001/XMLSchema" xmlns:xsi="http://www.w3.org/2001/XMLSchema-instance" Version="4.6.0.0">
  <Summary numSequencePoints="1148" visitedSequencePoints="187" numBranchPoints="270" visitedBranchPoints="33" sequenceCoverage="16.29" branchCoverage="12.22" maxCyclomaticComplexity="19" minCyclomaticComplexity="1" maxCrapScore="380" minCrapScore="1" visitedClasses="11" numClasses="53" visitedMethods="24" numMethods="177" />
  <Modules>
    <Module hash="5A-5F-D7-D6-4C-7A-AC-CC-02-2F-7E-41-7B-F2-94-57-6B-B3-DF-54">
      <Summary numSequencePoints="381" visitedSequencePoints="53" numBranchPoints="80" visitedBranchPoints="6" sequenceCoverage="13.91" branchCoverage="7.5" maxCyclomaticComplexity="4" minCyclomaticComplexity="1" maxCrapScore="20" minCrapScore="1" visitedClasses="2" numClasses="21" visitedMethods="6" numMethods="74" />
      <ModulePath>C:\Users\stefa\Desktop\RES_Projekat\Tests\bin\Debug\Tests.dll</ModulePath>
      <ModuleTime>2019-06-10T20:50:32.9989079Z</ModuleTime>
      <ModuleName>Tests</ModuleName>
      <Files>
        <File uid="1" fullPath="C:\Users\stefa\Desktop\RES_Projekat\Tests\Common_Test\MyTupleFactory_Test.cs" />
        <File uid="4" fullPath="C:\Users\stefa\Desktop\RES_Projekat\Tests\Common_Test\MyTuple_Test.cs" />
        <File uid="5" fullPath="C:\Users\stefa\Desktop\RES_Projekat\Tests\Common_Test\Pomocne_funkcijeCreate_Test.cs" />
        <File uid="8" fullPath="C:\Users\stefa\Desktop\RES_Projekat\Tests\Client_Test\Metode_Test\SubscribeTest.cs" />
        <File uid="10" fullPath="C:\Users\stefa\Desktop\RES_Projekat\Tests\Client_Test\Client_Test\Clientt_Test.cs" />
        <File uid="11" fullPath="C:\Users\stefa\Desktop\RES_Projekat\Tests\Client_Test\Client_Test\ConsoleWrapper_Test.cs" />
        <File uid="12" fullPath="C:\Users\stefa\Desktop\RES_Projekat\Tests\Client_Test\Client_Test\Item_Test.cs" />
        <File uid="15" fullPath="C:\Users\stefa\Desktop\RES_Projekat\Tests\Client_Test\Client_Test\Meni_Test.cs" />
        <File uid="16" fullPath="C:\Users\stefa\Desktop\RES_Projekat\Tests\Client_Test\Client_Test\Model_Test.cs" />
        <File uid="17" fullPath="C:\Users\stefa\Desktop\RES_Projekat\Tests\Client_Test\Client_Test\Position_Test.cs" />
        <File uid="18" fullPath="C:\Users\stefa\Desktop\RES_Projekat\Tests\Client_Test\Client_Test\ServerTest.cs" />
        <File uid="20" fullPath="C:\Users\stefa\Desktop\RES_Projekat\Tests\Client_Test\Metode_Test\CreateTest.cs" />
      </Files>
      <Classes>
        <Class>
          <Summary numSequencePoints="44" visitedSequencePoints="0" numBranchPoints="13" visitedBranchPoints="0" sequenceCoverage="0" branchCoverage="0" maxCyclomaticComplexity="4" minCyclomaticComplexity="1" maxCrapScore="20" minCrapScore="2" visitedClasses="0" numClasses="1" visitedMethods="0" numMethods="7" />
          <FullName>Tests.Common_Test.MyTupleFactory_Test</FullName>
          <Methods>
            <Method visited="false" cyclomaticComplexity="2" nPathComplexity="2" sequenceCoverage="0" branchCoverage="0" crapScore="6" isConstructor="false" isStatic="true" isGetter="false" isSetter="false">
              <Summary numSequencePoints="5" visitedSequencePoints="0" numBranchPoints="3" visitedBranchPoints="0" sequenceCoverage="0" branchCoverage="0" maxCyclomaticComplexity="2" minCyclomaticComplexity="2" maxCrapScore="6" minCrapScore="6" visitedClasses="0" numClasses="0" visitedMethods="0" numMethods="1" />
              <MetadataToken>100663297</MetadataToken>
              <Name>Common.QueueFactory Tests.Common_Test.MyTupleFactory_Test::getObject1(System.String)</Name>
              <FileRef uid="1" />
              <SequencePoints>
                <SequencePoint vc="0" uspid="1" ordinal="0" offset="0" sl="23" sc="9" el="23" ec="10" bec="0" bev="0" fileid="1" />
                <SequencePoint vc="0" uspid="2" ordinal="1" offset="1" sl="24" sc="13" el="24" ec="30" bec="2" bev="0" fileid="1" />
                <SequencePoint vc="0" uspid="3" ordinal="2" offset="16" sl="25" sc="17" el="25" ec="27" bec="0" bev="0" fileid="1" />
                <SequencePoint vc="0" uspid="4" ordinal="3" offset="24" sl="27" sc="13" el="27" ec="56" bec="0" bev="0" fileid="1" />
                <SequencePoint vc="0" uspid="5" ordinal="4" offset="35" sl="28" sc="9" el="28" ec="10" bec="0" bev="0" fileid="1" />
              </SequencePoints>
              <BranchPoints>
                <BranchPoint vc="0" uspid="6" ordinal="0" offset="14" sl="24" path="0" offsetend="16" fileid="1" />
                <BranchPoint vc="0" uspid="7" ordinal="1" offset="14" sl="24" path="1" offsetend="24" fileid="1" />
              </BranchPoints>
              <MethodPoint xsi:type="SequencePoint" vc="0" uspid="1" ordinal="0" offset="0" sl="23" sc="9" el="23" ec="10" bec="0" bev="0" fileid="1" />
            </Method>
            <Method visited="false" cyclomaticComplexity="2" nPathComplexity="2" sequenceCoverage="0" branchCoverage="0" crapScore="6" isConstructor="false" isStatic="true" isGetter="false" isSetter="false">
              <Summary numSequencePoints="5" visitedSequencePoints="0" numBranchPoints="3" visitedBranchPoints="0" sequenceCoverage="0" branchCoverage="0" maxCyclomaticComplexity="2" minCyclomaticComplexity="2" maxCrapScore="6" minCrapScore="6" visitedClasses="0" numClasses="0" visitedMethods="0" numMethods="1" />
              <MetadataToken>100663298</MetadataToken>
              <Name>Common.MyTuple`2&lt;System.String,System.Collections.Queue&gt; Tests.Common_Test.MyTupleFactory_Test::getObject2(System.String,System.String)</Name>
              <FileRef uid="1" />
              <SequencePoints>
                <SequencePoint vc="0" uspid="8" ordinal="0" offset="0" sl="32" sc="9" el="32" ec="10" bec="0" bev="0" fileid="1" />
                <SequencePoint vc="0" uspid="9" ordinal="1" offset="1" sl="33" sc="13" el="33" ec="30" bec="2" bev="0" fileid="1" />
                <SequencePoint vc="0" uspid="10" ordinal="2" offset="16" sl="34" sc="17" el="34" ec="69" bec="0" bev="0" fileid="1" />
                <SequencePoint vc="0" uspid="11" ordinal="3" offset="30" sl="36" sc="13" el="36" ec="56" bec="0" bev="0" fileid="1" />
                <SequencePoint vc="0" uspid="12" ordinal="4" offset="41" sl="37" sc="9" el="37" ec="10" bec="0" bev="0" fileid="1" />
              </SequencePoints>
              <BranchPoints>
                <BranchPoint vc="0" uspid="13" ordinal="0" offset="14" sl="33" path="0" offsetend="16" fileid="1" />
                <BranchPoint vc="0" uspid="14" ordinal="1" offset="14" sl="33" path="1" offsetend="30" fileid="1" />
              </BranchPoints>
              <MethodPoint xsi:type="SequencePoint" vc="0" uspid="8" ordinal="0" offset="0" sl="32" sc="9" el="32" ec="10" bec="0" bev="0" fileid="1" />
            </Method>
            <Method visited="false" cyclomaticComplexity="2" nPathComplexity="2" sequenceCoverage="0" branchCoverage="0" crapScore="6" isConstructor="false" isStatic="true" isGetter="false" isSetter="false">
              <Summary numSequencePoints="5" visitedSequencePoints="0" numBranchPoints="3" visitedBranchPoints="0" sequenceCoverage="0" branchCoverage="0" maxCyclomaticComplexity="2" minCyclomaticComplexity="2" maxCrapScore="6" minCrapScore="6" visitedClasses="0" numClasses="0" visitedMethods="0" numMethods="1" />
              <MetadataToken>100663299</MetadataToken>
              <Name>Common.MyTuple`2&lt;System.String,System.Collections.Queue&gt; Tests.Common_Test.MyTupleFactory_Test::getObject3(System.String,System.String)</Name>
              <FileRef uid="1" />
              <SequencePoints>
                <SequencePoint vc="0" uspid="15" ordinal="0" offset="0" sl="40" sc="9" el="40" ec="10" bec="0" bev="0" fileid="1" />
                <SequencePoint vc="0" uspid="16" ordinal="1" offset="1" sl="41" sc="13" el="41" ec="30" bec="2" bev="0" fileid="1" />
                <SequencePoint vc="0" uspid="17" ordinal="2" offset="16" sl="42" sc="17" el="42" ec="69" bec="0" bev="0" fileid="1" />
                <SequencePoint vc="0" uspid="18" ordinal="3" offset="30" sl="44" sc="13" el="44" ec="56" bec="0" bev="0" fileid="1" />
                <SequencePoint vc="0" uspid="19" ordinal="4" offset="41" sl="45" sc="9" el="45" ec="10" bec="0" bev="0" fileid="1" />
              </SequencePoints>
              <BranchPoints>
                <BranchPoint vc="0" uspid="20" ordinal="0" offset="14" sl="41" path="0" offsetend="16" fileid="1" />
                <BranchPoint vc="0" uspid="21" ordinal="1" offset="14" sl="41" path="1" offsetend="30" fileid="1" />
              </BranchPoints>
              <MethodPoint xsi:type="SequencePoint" vc="0" uspid="15" ordinal="0" offset="0" sl="40" sc="9" el="40" ec="10" bec="0" bev="0" fileid="1" />
            </Method>
            <Method visited="false" cyclomaticComplexity="1" nPathComplexity="0" sequenceCoverage="0" branchCoverage="0" crapScore="2" isConstructor="false" isStatic="false" isGetter="false" isSetter="false">
              <Summary numSequencePoints="8" visitedSequencePoints="0" numBranchPoints="1" visitedBranchPoints="0" sequenceCoverage="0" branchCoverage="0" maxCyclomaticComplexity="1" minCyclomaticComplexity="1" maxCrapScore="2" minCrapScore="2" visitedClasses="0" numClasses="0" visitedMethods="0" numMethods="1" />
              <MetadataToken>100663300</MetadataToken>
              <Name>System.Void Tests.Common_Test.MyTupleFactory_Test::CreateNewMyTuple_True(System.String,System.String)</Name>
              <FileRef uid="1" />
              <SequencePoints>
                <SequencePoint vc="0" uspid="22" ordinal="0" offset="0" sl="50" sc="9" el="50" ec="10" bec="0" bev="0" fileid="1" />
                <SequencePoint vc="0" uspid="23" ordinal="1" offset="1" sl="51" sc="13" el="51" ec="40" bec="0" bev="0" fileid="1" />
                <SequencePoint vc="0" uspid="24" ordinal="2" offset="11" sl="52" sc="13" el="52" ec="68" bec="0" bev="0" fileid="1" />
                <SequencePoint vc="0" uspid="25" ordinal="3" offset="31" sl="53" sc="13" el="53" ec="50" bec="0" bev="0" fileid="1" />
                <SequencePoint vc="0" uspid="26" ordinal="4" offset="38" sl="54" sc="13" el="54" ec="71" bec="0" bev="0" fileid="1" />
                <SequencePoint vc="0" uspid="27" ordinal="5" offset="51" sl="55" sc="13" el="55" ec="49" bec="0" bev="0" fileid="1" />
                <SequencePoint vc="0" uspid="28" ordinal="6" offset="73" sl="56" sc="13" el="56" ec="49" bec="0" bev="0" fileid="1" />
                <SequencePoint vc="0" uspid="29" ordinal="7" offset="95" sl="57" sc="9" el="57" ec="10" bec="0" bev="0" fileid="1" />
              </SequencePoints>
              <BranchPoints />
              <MethodPoint xsi:type="SequencePoint" vc="0" uspid="22" ordinal="0" offset="0" sl="50" sc="9" el="50" ec="10" bec="0" bev="0" fileid="1" />
            </Method>
            <Method visited="false" cyclomaticComplexity="1" nPathComplexity="0" sequenceCoverage="0" branchCoverage="0" crapScore="2" isConstructor="false" isStatic="false" isGetter="false" isSetter="false">
              <Summary numSequencePoints="6" visitedSequencePoints="0" numBranchPoints="1" visitedBranchPoints="0" sequenceCoverage="0" branchCoverage="0" maxCyclomaticComplexity="1" minCyclomaticComplexity="1" maxCrapScore="2" minCrapScore="2" visitedClasses="0" numClasses="0" visitedMethods="0" numMethods="1" />
              <MetadataToken>100663301</MetadataToken>
              <Name>System.Void Tests.Common_Test.MyTupleFactory_Test::CreateNewMyTuple_BadKey(System.String,System.String)</Name>
              <FileRef uid="1" />
              <SequencePoints>
                <SequencePoint vc="0" uspid="30" ordinal="0" offset="13" sl="62" sc="9" el="62" ec="10" bec="0" bev="0" fileid="1" />
                <SequencePoint vc="0" uspid="31" ordinal="1" offset="14" sl="63" sc="13" el="63" ec="40" bec="0" bev="0" fileid="1" />
                <SequencePoint vc="0" uspid="32" ordinal="2" offset="24" sl="64" sc="13" el="64" ec="68" bec="0" bev="0" fileid="1" />
                <SequencePoint vc="0" uspid="33" ordinal="3" offset="44" sl="65" sc="13" el="65" ec="37" bec="0" bev="0" fileid="1" />
                <SequencePoint vc="0" uspid="34" ordinal="4" offset="54" sl="66" sc="13" el="68" ec="16" bec="0" bev="0" fileid="1" />
                <SequencePoint vc="0" uspid="35" ordinal="5" offset="72" sl="70" sc="9" el="70" ec="10" bec="0" bev="0" fileid="1" />
              </SequencePoints>
              <BranchPoints />
              <MethodPoint vc="0" uspid="36" ordinal="0" offset="0" />
            </Method>
            <Method visited="false" cyclomaticComplexity="1" nPathComplexity="0" sequenceCoverage="0" branchCoverage="0" crapScore="2" isConstructor="false" isStatic="false" isGetter="false" isSetter="false">
              <Summary numSequencePoints="10" visitedSequencePoints="0" numBranchPoints="1" visitedBranchPoints="0" sequenceCoverage="0" branchCoverage="0" maxCyclomaticComplexity="1" minCyclomaticComplexity="1" maxCrapScore="2" minCrapScore="2" visitedClasses="0" numClasses="0" visitedMethods="0" numMethods="1" />
              <MetadataToken>100663302</MetadataToken>
              <Name>System.Void Tests.Common_Test.MyTupleFactory_Test::CreateNewMyTuple_(System.String,System.String,System.String,System.String)</Name>
              <FileRef uid="1" />
              <SequencePoints>
                <SequencePoint vc="0" uspid="37" ordinal="0" offset="0" sl="75" sc="9" el="75" ec="10" bec="0" bev="0" fileid="1" />
                <SequencePoint vc="0" uspid="38" ordinal="1" offset="1" sl="76" sc="13" el="76" ec="40" bec="0" bev="0" fileid="1" />
                <SequencePoint vc="0" uspid="39" ordinal="2" offset="11" sl="77" sc="13" el="77" ec="93" bec="0" bev="0" fileid="1" />
                <SequencePoint vc="0" uspid="40" ordinal="3" offset="27" sl="78" sc="13" el="78" ec="93" bec="0" bev="0" fileid="1" />
                <SequencePoint vc="0" uspid="41" ordinal="4" offset="43" sl="79" sc="13" el="79" ec="150" bec="0" bev="0" fileid="1" />
                <SequencePoint vc="0" uspid="42" ordinal="5" offset="69" sl="80" sc="13" el="80" ec="56" bec="0" bev="0" fileid="1" />
                <SequencePoint vc="0" uspid="43" ordinal="6" offset="92" sl="81" sc="13" el="81" ec="56" bec="0" bev="0" fileid="1" />
                <SequencePoint vc="0" uspid="44" ordinal="7" offset="115" sl="82" sc="13" el="82" ec="56" bec="0" bev="0" fileid="1" />
                <SequencePoint vc="0" uspid="45" ordinal="8" offset="138" sl="83" sc="13" el="83" ec="56" bec="0" bev="0" fileid="1" />
                <SequencePoint vc="0" uspid="46" ordinal="9" offset="161" sl="84" sc="9" el="84" ec="10" bec="0" bev="0" fileid="1" />
              </SequencePoints>
              <BranchPoints />
              <MethodPoint xsi:type="SequencePoint" vc="0" uspid="37" ordinal="0" offset="0" sl="75" sc="9" el="75" ec="10" bec="0" bev="0" fileid="1" />
            </Method>
            <Method visited="false" cyclomaticComplexity="4" nPathComplexity="0" sequenceCoverage="0" branchCoverage="0" crapScore="20" isConstructor="false" isStatic="false" isGetter="false" isSetter="false">
              <Summary numSequencePoints="5" visitedSequencePoints="0" numBranchPoints="1" visitedBranchPoints="0" sequenceCoverage="0" branchCoverage="0" maxCyclomaticComplexity="4" minCyclomaticComplexity="4" maxCrapScore="20" minCrapScore="20" visitedClasses="0" numClasses="0" visitedMethods="0" numMethods="1" />
              <MetadataToken>100663303</MetadataToken>
              <Name>System.Void Tests.Common_Test.MyTupleFactory_Test::CreateNewMyTuple_T()</Name>
              <FileRef uid="1" />
              <SequencePoints>
                <SequencePoint vc="0" uspid="47" ordinal="0" offset="0" sl="88" sc="9" el="88" ec="10" bec="0" bev="0" fileid="1" />
                <SequencePoint vc="0" uspid="48" ordinal="1" offset="1" sl="89" sc="13" el="91" ec="16" bec="0" bev="0" fileid="1" />
                <SequencePoint vc="0" uspid="49" ordinal="2" offset="38" sl="92" sc="13" el="94" ec="16" bec="0" bev="0" fileid="1" />
                <SequencePoint vc="0" uspid="50" ordinal="3" offset="75" sl="95" sc="13" el="97" ec="16" bec="0" bev="0" fileid="1" />
                <SequencePoint vc="0" uspid="51" ordinal="4" offset="112" sl="98" sc="9" el="98" ec="10" bec="0" bev="0" fileid="1" />
              </SequencePoints>
              <BranchPoints />
              <MethodPoint xsi:type="SequencePoint" vc="0" uspid="47" ordinal="0" offset="0" sl="88" sc="9" el="88" ec="10" bec="0" bev="0" fileid="1" />
            </Method>
            <Method visited="false" cyclomaticComplexity="1" nPathComplexity="0" sequenceCoverage="0" branchCoverage="0" crapScore="2" isConstructor="true" isStatic="false" isGetter="false" isSetter="false">
              <Summary numSequencePoints="0" visitedSequencePoints="0" numBranchPoints="0" visitedBranchPoints="0" sequenceCoverage="0" branchCoverage="0" maxCyclomaticComplexity="1" minCyclomaticComplexity="1" maxCrapScore="2" minCrapScore="2" visitedClasses="0" numClasses="0" visitedMethods="0" numMethods="0" />
              <MetadataToken>100663304</MetadataToken>
              <Name>System.Void Tests.Common_Test.MyTupleFactory_Test::.ctor()</Name>
              <SequencePoints />
              <BranchPoints />
              <MethodPoint vc="0" uspid="58" ordinal="0" offset="0" />
            </Method>
          </Methods>
        </Class>
        <Class>
          <Summary numSequencePoints="3" visitedSequencePoints="0" numBranchPoints="1" visitedBranchPoints="0" sequenceCoverage="0" branchCoverage="0" maxCyclomaticComplexity="1" minCyclomaticComplexity="1" maxCrapScore="2" minCrapScore="2" visitedClasses="0" numClasses="1" visitedMethods="0" numMethods="1" />
          <FullName>Tests.Common_Test.MyTupleFactory_Test/&lt;&gt;c__DisplayClass7_0</FullName>
          <Methods>
            <Method visited="false" cyclomaticComplexity="1" nPathComplexity="0" sequenceCoverage="0" branchCoverage="0" crapScore="2" isConstructor="true" isStatic="false" isGetter="false" isSetter="false">
              <Summary numSequencePoints="0" visitedSequencePoints="0" numBranchPoints="0" visitedBranchPoints="0" sequenceCoverage="0" branchCoverage="0" maxCyclomaticComplexity="1" minCyclomaticComplexity="1" maxCrapScore="2" minCrapScore="2" visitedClasses="0" numClasses="0" visitedMethods="0" numMethods="0" />
              <MetadataToken>100663375</MetadataToken>
              <Name>System.Void Tests.Common_Test.MyTupleFactory_Test/&lt;&gt;c__DisplayClass7_0::.ctor()</Name>
              <SequencePoints />
              <BranchPoints />
              <MethodPoint vc="0" uspid="59" ordinal="0" offset="0" />
            </Method>
            <Method visited="false" cyclomaticComplexity="1" nPathComplexity="0" sequenceCoverage="0" branchCoverage="0" crapScore="2" isConstructor="false" isStatic="false" isGetter="false" isSetter="false">
              <Summary numSequencePoints="3" visitedSequencePoints="0" numBranchPoints="1" visitedBranchPoints="0" sequenceCoverage="0" branchCoverage="0" maxCyclomaticComplexity="1" minCyclomaticComplexity="1" maxCrapScore="2" minCrapScore="2" visitedClasses="0" numClasses="0" visitedMethods="0" numMethods="1" />
              <MetadataToken>100663376</MetadataToken>
              <Name>System.Void Tests.Common_Test.MyTupleFactory_Test/&lt;&gt;c__DisplayClass7_0::&lt;CreateNewMyTuple_BadKey&gt;b__0()</Name>
              <FileRef uid="1" />
              <SequencePoints>
                <SequencePoint vc="0" uspid="60" ordinal="0" offset="0" sl="66" sc="52" el="66" ec="53" bec="0" bev="0" fileid="1" />
                <SequencePoint vc="0" uspid="61" ordinal="1" offset="1" sl="67" sc="17" el="67" ec="54" bec="0" bev="0" fileid="1" />
                <SequencePoint vc="0" uspid="62" ordinal="2" offset="13" sl="68" sc="13" el="68" ec="14" bec="0" bev="0" fileid="1" />
              </SequencePoints>
              <BranchPoints />
              <MethodPoint xsi:type="SequencePoint" vc="0" uspid="60" ordinal="0" offset="0" sl="66" sc="52" el="66" ec="53" bec="0" bev="0" fileid="1" />
            </Method>
          </Methods>
        </Class>
        <Class>
          <Summary numSequencePoints="9" visitedSequencePoints="0" numBranchPoints="3" visitedBranchPoints="0" sequenceCoverage="0" branchCoverage="0" maxCyclomaticComplexity="1" minCyclomaticComplexity="1" maxCrapScore="2" minCrapScore="2" visitedClasses="0" numClasses="1" visitedMethods="0" numMethods="3" />
          <FullName>Tests.Common_Test.MyTupleFactory_Test/&lt;&gt;c</FullName>
          <Methods>
            <Method visited="false" cyclomaticComplexity="1" nPathComplexity="0" sequenceCoverage="0" branchCoverage="0" crapScore="2" isConstructor="true" isStatic="true" isGetter="false" isSetter="false">
              <Summary numSequencePoints="0" visitedSequencePoints="0" numBranchPoints="0" visitedBranchPoints="0" sequenceCoverage="0" branchCoverage="0" maxCyclomaticComplexity="1" minCyclomaticComplexity="1" maxCrapScore="2" minCrapScore="2" visitedClasses="0" numClasses="0" visitedMethods="0" numMethods="0" />
              <MetadataToken>100663377</MetadataToken>
              <Name>System.Void Tests.Common_Test.MyTupleFactory_Test/&lt;&gt;c::.cctor()</Name>
              <SequencePoints />
              <BranchPoints />
              <MethodPoint vc="0" uspid="63" ordinal="0" offset="0" />
            </Method>
            <Method visited="false" cyclomaticComplexity="1" nPathComplexity="0" sequenceCoverage="0" branchCoverage="0" crapScore="2" isConstructor="true" isStatic="false" isGetter="false" isSetter="false">
              <Summary numSequencePoints="0" visitedSequencePoints="0" numBranchPoints="0" visitedBranchPoints="0" sequenceCoverage="0" branchCoverage="0" maxCyclomaticComplexity="1" minCyclomaticComplexity="1" maxCrapScore="2" minCrapScore="2" visitedClasses="0" numClasses="0" visitedMethods="0" numMethods="0" />
              <MetadataToken>100663378</MetadataToken>
              <Name>System.Void Tests.Common_Test.MyTupleFactory_Test/&lt;&gt;c::.ctor()</Name>
              <SequencePoints />
              <BranchPoints />
              <MethodPoint vc="0" uspid="64" ordinal="0" offset="0" />
            </Method>
            <Method visited="false" cyclomaticComplexity="1" nPathComplexity="0" sequenceCoverage="0" branchCoverage="0" crapScore="2" isConstructor="false" isStatic="false" isGetter="false" isSetter="false">
              <Summary numSequencePoints="3" visitedSequencePoints="0" numBranchPoints="1" visitedBranchPoints="0" sequenceCoverage="0" branchCoverage="0" maxCyclomaticComplexity="1" minCyclomaticComplexity="1" maxCrapScore="2" minCrapScore="2" visitedClasses="0" numClasses="0" visitedMethods="0" numMethods="1" />
              <MetadataToken>100663379</MetadataToken>
              <Name>System.Void Tests.Common_Test.MyTupleFactory_Test/&lt;&gt;c::&lt;CreateNewMyTuple_T&gt;b__9_0()</Name>
              <FileRef uid="1" />
              <SequencePoints>
                <SequencePoint vc="0" uspid="65" ordinal="0" offset="0" sl="89" sc="52" el="89" ec="53" bec="0" bev="0" fileid="1" />
                <SequencePoint vc="0" uspid="66" ordinal="1" offset="1" sl="90" sc="17" el="90" ec="51" bec="0" bev="0" fileid="1" />
                <SequencePoint vc="0" uspid="67" ordinal="2" offset="12" sl="91" sc="13" el="91" ec="14" bec="0" bev="0" fileid="1" />
              </SequencePoints>
              <BranchPoints />
              <MethodPoint xsi:type="SequencePoint" vc="0" uspid="65" ordinal="0" offset="0" sl="89" sc="52" el="89" ec="53" bec="0" bev="0" fileid="1" />
            </Method>
            <Method visited="false" cyclomaticComplexity="1" nPathComplexity="0" sequenceCoverage="0" branchCoverage="0" crapScore="2" isConstructor="false" isStatic="false" isGetter="false" isSetter="false">
              <Summary numSequencePoints="3" visitedSequencePoints="0" numBranchPoints="1" visitedBranchPoints="0" sequenceCoverage="0" branchCoverage="0" maxCyclomaticComplexity="1" minCyclomaticComplexity="1" maxCrapScore="2" minCrapScore="2" visitedClasses="0" numClasses="0" visitedMethods="0" numMethods="1" />
              <MetadataToken>100663380</MetadataToken>
              <Name>System.Void Tests.Common_Test.MyTupleFactory_Test/&lt;&gt;c::&lt;CreateNewMyTuple_T&gt;b__9_1()</Name>
              <FileRef uid="1" />
              <SequencePoints>
                <SequencePoint vc="0" uspid="68" ordinal="0" offset="0" sl="92" sc="52" el="92" ec="53" bec="0" bev="0" fileid="1" />
                <SequencePoint vc="0" uspid="69" ordinal="1" offset="1" sl="93" sc="17" el="93" ec="66" bec="0" bev="0" fileid="1" />
                <SequencePoint vc="0" uspid="70" ordinal="2" offset="17" sl="94" sc="13" el="94" ec="14" bec="0" bev="0" fileid="1" />
              </SequencePoints>
              <BranchPoints />
              <MethodPoint xsi:type="SequencePoint" vc="0" uspid="68" ordinal="0" offset="0" sl="92" sc="52" el="92" ec="53" bec="0" bev="0" fileid="1" />
            </Method>
            <Method visited="false" cyclomaticComplexity="1" nPathComplexity="0" sequenceCoverage="0" branchCoverage="0" crapScore="2" isConstructor="false" isStatic="false" isGetter="false" isSetter="false">
              <Summary numSequencePoints="3" visitedSequencePoints="0" numBranchPoints="1" visitedBranchPoints="0" sequenceCoverage="0" branchCoverage="0" maxCyclomaticComplexity="1" minCyclomaticComplexity="1" maxCrapScore="2" minCrapScore="2" visitedClasses="0" numClasses="0" visitedMethods="0" numMethods="1" />
              <MetadataToken>100663381</MetadataToken>
              <Name>System.Void Tests.Common_Test.MyTupleFactory_Test/&lt;&gt;c::&lt;CreateNewMyTuple_T&gt;b__9_2()</Name>
              <FileRef uid="1" />
              <SequencePoints>
                <SequencePoint vc="0" uspid="71" ordinal="0" offset="0" sl="95" sc="52" el="95" ec="53" bec="0" bev="0" fileid="1" />
                <SequencePoint vc="0" uspid="72" ordinal="1" offset="1" sl="96" sc="17" el="96" ec="73" bec="0" bev="0" fileid="1" />
                <SequencePoint vc="0" uspid="73" ordinal="2" offset="17" sl="97" sc="13" el="97" ec="14" bec="0" bev="0" fileid="1" />
              </SequencePoints>
              <BranchPoints />
              <MethodPoint xsi:type="SequencePoint" vc="0" uspid="71" ordinal="0" offset="0" sl="95" sc="52" el="95" ec="53" bec="0" bev="0" fileid="1" />
            </Method>
          </Methods>
        </Class>
        <Class>
          <Summary numSequencePoints="5" visitedSequencePoints="0" numBranchPoints="1" visitedBranchPoints="0" sequenceCoverage="0" branchCoverage="0" maxCyclomaticComplexity="1" minCyclomaticComplexity="1" maxCrapScore="2" minCrapScore="2" visitedClasses="0" numClasses="1" visitedMethods="0" numMethods="1" />
          <FullName>Tests.Common_Test.MyTuple_Test</FullName>
          <Methods>
            <Method visited="false" cyclomaticComplexity="1" nPathComplexity="0" sequenceCoverage="0" branchCoverage="0" crapScore="2" isConstructor="false" isStatic="false" isGetter="false" isSetter="false">
              <Summary numSequencePoints="5" visitedSequencePoints="0" numBranchPoints="1" visitedBranchPoints="0" sequenceCoverage="0" branchCoverage="0" maxCyclomaticComplexity="1" minCyclomaticComplexity="1" maxCrapScore="2" minCrapScore="2" visitedClasses="0" numClasses="0" visitedMethods="0" numMethods="1" />
              <MetadataToken>100663305</MetadataToken>
              <Name>System.Void Tests.Common_Test.MyTuple_Test::MyTuple_Test_AreEquealTrue(System.String,System.String)</Name>
              <FileRef uid="4" />
              <SequencePoints>
                <SequencePoint vc="0" uspid="74" ordinal="0" offset="0" sl="21" sc="9" el="21" ec="10" bec="0" bev="0" fileid="4" />
                <SequencePoint vc="0" uspid="75" ordinal="1" offset="1" sl="22" sc="13" el="22" ec="57" bec="0" bev="0" fileid="4" />
                <SequencePoint vc="0" uspid="76" ordinal="2" offset="14" sl="23" sc="13" el="23" ec="46" bec="0" bev="0" fileid="4" />
                <SequencePoint vc="0" uspid="77" ordinal="3" offset="32" sl="24" sc="13" el="24" ec="46" bec="0" bev="0" fileid="4" />
                <SequencePoint vc="0" uspid="78" ordinal="4" offset="50" sl="25" sc="9" el="25" ec="10" bec="0" bev="0" fileid="4" />
              </SequencePoints>
              <BranchPoints />
              <MethodPoint xsi:type="SequencePoint" vc="0" uspid="74" ordinal="0" offset="0" sl="21" sc="9" el="21" ec="10" bec="0" bev="0" fileid="4" />
            </Method>
            <Method visited="false" cyclomaticComplexity="1" nPathComplexity="0" sequenceCoverage="0" branchCoverage="0" crapScore="2" isConstructor="true" isStatic="false" isGetter="false" isSetter="false">
              <Summary numSequencePoints="0" visitedSequencePoints="0" numBranchPoints="0" visitedBranchPoints="0" sequenceCoverage="0" branchCoverage="0" maxCyclomaticComplexity="1" minCyclomaticComplexity="1" maxCrapScore="2" minCrapScore="2" visitedClasses="0" numClasses="0" visitedMethods="0" numMethods="0" />
              <MetadataToken>100663306</MetadataToken>
              <Name>System.Void Tests.Common_Test.MyTuple_Test::.ctor()</Name>
              <SequencePoints />
              <BranchPoints />
              <MethodPoint vc="0" uspid="79" ordinal="0" offset="0" />
            </Method>
          </Methods>
        </Class>
        <Class>
          <Summary numSequencePoints="83" visitedSequencePoints="0" numBranchPoints="14" visitedBranchPoints="0" sequenceCoverage="0" branchCoverage="0" maxCyclomaticComplexity="1" minCyclomaticComplexity="1" maxCrapScore="2" minCrapScore="2" visitedClasses="0" numClasses="1" visitedMethods="0" numMethods="14" />
          <FullName>Tests.Common_Test.Pomocne_funkcijeCreate_Test</FullName>
          <Methods>
            <Method visited="false" cyclomaticComplexity="1" nPathComplexity="0" sequenceCoverage="0" branchCoverage="0" crapScore="2" isConstructor="false" isStatic="false" isGetter="false" isSetter="false">
              <Summary numSequencePoints="5" visitedSequencePoints="0" numBranchPoints="1" visitedBranchPoints="0" sequenceCoverage="0" branchCoverage="0" maxCyclomaticComplexity="1" minCyclomaticComplexity="1" maxCrapScore="2" minCrapScore="2" visitedClasses="0" numClasses="0" visitedMethods="0" numMethods="1" />
              <MetadataToken>100663307</MetadataToken>
              <Name>System.Void Tests.Common_Test.Pomocne_funkcijeCreate_Test::setup()</Name>
              <FileRef uid="5" />
              <SequencePoints>
                <SequencePoint vc="0" uspid="80" ordinal="0" offset="0" sl="23" sc="9" el="23" ec="10" bec="0" bev="0" fileid="5" />
                <SequencePoint vc="0" uspid="81" ordinal="1" offset="1" sl="24" sc="13" el="24" ec="40" bec="0" bev="0" fileid="5" />
                <SequencePoint vc="0" uspid="82" ordinal="2" offset="11" sl="25" sc="13" el="25" ec="37" bec="0" bev="0" fileid="5" />
                <SequencePoint vc="0" uspid="83" ordinal="3" offset="21" sl="26" sc="13" el="26" ec="102" bec="0" bev="0" fileid="5" />
                <SequencePoint vc="0" uspid="84" ordinal="4" offset="31" sl="27" sc="9" el="27" ec="10" bec="0" bev="0" fileid="5" />
              </SequencePoints>
              <BranchPoints />
              <MethodPoint xsi:type="SequencePoint" vc="0" uspid="80" ordinal="0" offset="0" sl="23" sc="9" el="23" ec="10" bec="0" bev="0" fileid="5" />
            </Method>
            <Method visited="false" cyclomaticComplexity="1" nPathComplexity="0" sequenceCoverage="0" branchCoverage="0" crapScore="2" isConstructor="false" isStatic="false" isGetter="false" isSetter="false">
              <Summary numSequencePoints="4" visitedSequencePoints="0" numBranchPoints="1" visitedBranchPoints="0" sequenceCoverage="0" branchCoverage="0" maxCyclomaticComplexity="1" minCyclomaticComplexity="1" maxCrapScore="2" minCrapScore="2" visitedClasses="0" numClasses="0" visitedMethods="0" numMethods="1" />
              <MetadataToken>100663308</MetadataToken>
              <Name>System.Void Tests.Common_Test.Pomocne_funkcijeCreate_Test::Pomocne_funkcijeCreate_Test_IsNotNull()</Name>
              <FileRef uid="5" />
              <SequencePoints>
                <SequencePoint vc="0" uspid="85" ordinal="0" offset="0" sl="31" sc="9" el="31" ec="10" bec="0" bev="0" fileid="5" />
                <SequencePoint vc="0" uspid="86" ordinal="1" offset="1" sl="32" sc="13" el="32" ec="54" bec="0" bev="0" fileid="5" />
                <SequencePoint vc="0" uspid="87" ordinal="2" offset="21" sl="33" sc="13" el="33" ec="34" bec="0" bev="0" fileid="5" />
                <SequencePoint vc="0" uspid="88" ordinal="3" offset="32" sl="34" sc="9" el="34" ec="10" bec="0" bev="0" fileid="5" />
              </SequencePoints>
              <BranchPoints />
              <MethodPoint xsi:type="SequencePoint" vc="0" uspid="85" ordinal="0" offset="0" sl="31" sc="9" el="31" ec="10" bec="0" bev="0" fileid="5" />
            </Method>
            <Method visited="false" cyclomaticComplexity="1" nPathComplexity="0" sequenceCoverage="0" branchCoverage="0" crapScore="2" isConstructor="false" isStatic="false" isGetter="false" isSetter="false">
              <Summary numSequencePoints="5" visitedSequencePoints="0" numBranchPoints="1" visitedBranchPoints="0" sequenceCoverage="0" branchCoverage="0" maxCyclomaticComplexity="1" minCyclomaticComplexity="1" maxCrapScore="2" minCrapScore="2" visitedClasses="0" numClasses="0" visitedMethods="0" numMethods="1" />
              <MetadataToken>100663309</MetadataToken>
              <Name>System.Void Tests.Common_Test.Pomocne_funkcijeCreate_Test::Jedinstvenost_Test_True()</Name>
              <FileRef uid="5" />
              <SequencePoints>
                <SequencePoint vc="0" uspid="89" ordinal="0" offset="0" sl="38" sc="9" el="38" ec="10" bec="0" bev="0" fileid="5" />
                <SequencePoint vc="0" uspid="90" ordinal="1" offset="1" sl="39" sc="13" el="39" ec="78" bec="0" bev="0" fileid="5" />
                <SequencePoint vc="0" uspid="91" ordinal="2" offset="17" sl="40" sc="13" el="40" ec="94" bec="0" bev="0" fileid="5" />
                <SequencePoint vc="0" uspid="92" ordinal="3" offset="38" sl="41" sc="13" el="41" ec="61" bec="0" bev="0" fileid="5" />
                <SequencePoint vc="0" uspid="93" ordinal="4" offset="60" sl="42" sc="9" el="42" ec="10" bec="0" bev="0" fileid="5" />
              </SequencePoints>
              <BranchPoints />
              <MethodPoint xsi:type="SequencePoint" vc="0" uspid="89" ordinal="0" offset="0" sl="38" sc="9" el="38" ec="10" bec="0" bev="0" fileid="5" />
            </Method>
            <Method visited="false" cyclomaticComplexity="1" nPathComplexity="0" sequenceCoverage="0" branchCoverage="0" crapScore="2" isConstructor="false" isStatic="false" isGetter="false" isSetter="false">
              <Summary numSequencePoints="5" visitedSequencePoints="0" numBranchPoints="1" visitedBranchPoints="0" sequenceCoverage="0" branchCoverage="0" maxCyclomaticComplexity="1" minCyclomaticComplexity="1" maxCrapScore="2" minCrapScore="2" visitedClasses="0" numClasses="0" visitedMethods="0" numMethods="1" />
              <MetadataToken>100663310</MetadataToken>
              <Name>System.Void Tests.Common_Test.Pomocne_funkcijeCreate_Test::Jedinstvenost_Test_EmptyString(System.String)</Name>
              <FileRef uid="5" />
              <SequencePoints>
                <SequencePoint vc="0" uspid="94" ordinal="0" offset="13" sl="47" sc="9" el="47" ec="10" bec="0" bev="0" fileid="5" />
                <SequencePoint vc="0" uspid="95" ordinal="1" offset="14" sl="48" sc="13" el="48" ec="78" bec="0" bev="0" fileid="5" />
                <SequencePoint vc="0" uspid="96" ordinal="2" offset="35" sl="49" sc="13" el="49" ec="179" bec="0" bev="0" fileid="5" />
                <SequencePoint vc="0" uspid="97" ordinal="3" offset="46" sl="50" sc="13" el="53" ec="16" bec="0" bev="0" fileid="5" />
                <SequencePoint vc="0" uspid="98" ordinal="4" offset="64" sl="54" sc="9" el="54" ec="10" bec="0" bev="0" fileid="5" />
              </SequencePoints>
              <BranchPoints />
              <MethodPoint vc="0" uspid="99" ordinal="0" offset="0" />
            </Method>
            <Method visited="false" cyclomaticComplexity="1" nPathComplexity="0" sequenceCoverage="0" branchCoverage="0" crapScore="2" isConstructor="false" isStatic="false" isGetter="false" isSetter="false">
              <Summary numSequencePoints="5" visitedSequencePoints="0" numBranchPoints="1" visitedBranchPoints="0" sequenceCoverage="0" branchCoverage="0" maxCyclomaticComplexity="1" minCyclomaticComplexity="1" maxCrapScore="2" minCrapScore="2" visitedClasses="0" numClasses="0" visitedMethods="0" numMethods="1" />
              <MetadataToken>100663311</MetadataToken>
              <Name>System.Void Tests.Common_Test.Pomocne_funkcijeCreate_Test::Jedinstvenost_Test_NullString(System.String)</Name>
              <FileRef uid="5" />
              <SequencePoints>
                <SequencePoint vc="0" uspid="100" ordinal="0" offset="13" sl="59" sc="9" el="59" ec="10" bec="0" bev="0" fileid="5" />
                <SequencePoint vc="0" uspid="101" ordinal="1" offset="14" sl="60" sc="13" el="60" ec="78" bec="0" bev="0" fileid="5" />
                <SequencePoint vc="0" uspid="102" ordinal="2" offset="35" sl="61" sc="13" el="61" ec="179" bec="0" bev="0" fileid="5" />
                <SequencePoint vc="0" uspid="103" ordinal="3" offset="46" sl="62" sc="13" el="66" ec="16" bec="0" bev="0" fileid="5" />
                <SequencePoint vc="0" uspid="104" ordinal="4" offset="64" sl="67" sc="9" el="67" ec="10" bec="0" bev="0" fileid="5" />
              </SequencePoints>
              <BranchPoints />
              <MethodPoint vc="0" uspid="105" ordinal="0" offset="0" />
            </Method>
            <Method visited="false" cyclomaticComplexity="1" nPathComplexity="0" sequenceCoverage="0" branchCoverage="0" crapScore="2" isConstructor="false" isStatic="false" isGetter="false" isSetter="false">
              <Summary numSequencePoints="5" visitedSequencePoints="0" numBranchPoints="1" visitedBranchPoints="0" sequenceCoverage="0" branchCoverage="0" maxCyclomaticComplexity="1" minCyclomaticComplexity="1" maxCrapScore="2" minCrapScore="2" visitedClasses="0" numClasses="0" visitedMethods="0" numMethods="1" />
              <MetadataToken>100663312</MetadataToken>
              <Name>System.Void Tests.Common_Test.Pomocne_funkcijeCreate_Test::Jedinstvenost_Test_False()</Name>
              <FileRef uid="5" />
              <SequencePoints>
                <SequencePoint vc="0" uspid="106" ordinal="0" offset="0" sl="72" sc="9" el="72" ec="10" bec="0" bev="0" fileid="5" />
                <SequencePoint vc="0" uspid="107" ordinal="1" offset="1" sl="73" sc="13" el="73" ec="78" bec="0" bev="0" fileid="5" />
                <SequencePoint vc="0" uspid="108" ordinal="2" offset="17" sl="74" sc="13" el="74" ec="94" bec="0" bev="0" fileid="5" />
                <SequencePoint vc="0" uspid="109" ordinal="3" offset="38" sl="75" sc="13" el="75" ec="58" bec="0" bev="0" fileid="5" />
                <SequencePoint vc="0" uspid="110" ordinal="4" offset="60" sl="77" sc="9" el="77" ec="10" bec="0" bev="0" fileid="5" />
              </SequencePoints>
              <BranchPoints />
              <MethodPoint xsi:type="SequencePoint" vc="0" uspid="106" ordinal="0" offset="0" sl="72" sc="9" el="72" ec="10" bec="0" bev="0" fileid="5" />
            </Method>
            <Method visited="false" cyclomaticComplexity="1" nPathComplexity="0" sequenceCoverage="0" branchCoverage="0" crapScore="2" isConstructor="false" isStatic="false" isGetter="false" isSetter="false">
              <Summary numSequencePoints="9" visitedSequencePoints="0" numBranchPoints="1" visitedBranchPoints="0" sequenceCoverage="0" branchCoverage="0" maxCyclomaticComplexity="1" minCyclomaticComplexity="1" maxCrapScore="2" minCrapScore="2" visitedClasses="0" numClasses="0" visitedMethods="0" numMethods="1" />
              <MetadataToken>100663313</MetadataToken>
              <Name>System.Void Tests.Common_Test.Pomocne_funkcijeCreate_Test::CreateClientQueues_Test(System.String)</Name>
              <FileRef uid="5" />
              <SequencePoints>
                <SequencePoint vc="0" uspid="111" ordinal="0" offset="0" sl="82" sc="9" el="82" ec="10" bec="0" bev="0" fileid="5" />
                <SequencePoint vc="0" uspid="112" ordinal="1" offset="1" sl="83" sc="13" el="83" ec="78" bec="0" bev="0" fileid="5" />
                <SequencePoint vc="0" uspid="113" ordinal="2" offset="17" sl="84" sc="13" el="84" ec="136" bec="0" bev="0" fileid="5" />
                <SequencePoint vc="0" uspid="114" ordinal="3" offset="23" sl="85" sc="13" el="85" ec="46" bec="0" bev="0" fileid="5" />
                <SequencePoint vc="0" uspid="115" ordinal="4" offset="31" sl="87" sc="13" el="87" ec="81" bec="0" bev="0" fileid="5" />
                <SequencePoint vc="0" uspid="116" ordinal="5" offset="58" sl="88" sc="13" el="88" ec="81" bec="0" bev="0" fileid="5" />
                <SequencePoint vc="0" uspid="117" ordinal="6" offset="85" sl="89" sc="13" el="89" ec="115" bec="0" bev="0" fileid="5" />
                <SequencePoint vc="0" uspid="118" ordinal="7" offset="99" sl="92" sc="13" el="92" ec="98" bec="0" bev="0" fileid="5" />
                <SequencePoint vc="0" uspid="119" ordinal="8" offset="118" sl="94" sc="9" el="94" ec="10" bec="0" bev="0" fileid="5" />
              </SequencePoints>
              <BranchPoints />
              <MethodPoint xsi:type="SequencePoint" vc="0" uspid="111" ordinal="0" offset="0" sl="82" sc="9" el="82" ec="10" bec="0" bev="0" fileid="5" />
            </Method>
            <Method visited="false" cyclomaticComplexity="1" nPathComplexity="0" sequenceCoverage="0" branchCoverage="0" crapScore="2" isConstructor="false" isStatic="false" isGetter="false" isSetter="false">
              <Summary numSequencePoints="8" visitedSequencePoints="0" numBranchPoints="1" visitedBranchPoints="0" sequenceCoverage="0" branchCoverage="0" maxCyclomaticComplexity="1" minCyclomaticComplexity="1" maxCrapScore="2" minCrapScore="2" visitedClasses="0" numClasses="0" visitedMethods="0" numMethods="1" />
              <MetadataToken>100663314</MetadataToken>
              <Name>System.Void Tests.Common_Test.Pomocne_funkcijeCreate_Test::CreateServerQueuePair_Test(System.String)</Name>
              <FileRef uid="5" />
              <SequencePoints>
                <SequencePoint vc="0" uspid="120" ordinal="0" offset="0" sl="99" sc="9" el="99" ec="10" bec="0" bev="0" fileid="5" />
                <SequencePoint vc="0" uspid="121" ordinal="1" offset="1" sl="100" sc="13" el="100" ec="37" bec="0" bev="0" fileid="5" />
                <SequencePoint vc="0" uspid="122" ordinal="2" offset="7" sl="101" sc="13" el="101" ec="28" bec="0" bev="0" fileid="5" />
                <SequencePoint vc="0" uspid="123" ordinal="3" offset="15" sl="102" sc="13" el="102" ec="38" bec="0" bev="0" fileid="5" />
                <SequencePoint vc="0" uspid="124" ordinal="4" offset="21" sl="103" sc="13" el="103" ec="78" bec="0" bev="0" fileid="5" />
                <SequencePoint vc="0" uspid="125" ordinal="5" offset="37" sl="104" sc="13" el="104" ec="129" bec="0" bev="0" fileid="5" />
                <SequencePoint vc="0" uspid="126" ordinal="6" offset="46" sl="105" sc="13" el="105" ec="146" bec="0" bev="0" fileid="5" />
                <SequencePoint vc="0" uspid="127" ordinal="7" offset="74" sl="106" sc="9" el="106" ec="10" bec="0" bev="0" fileid="5" />
              </SequencePoints>
              <BranchPoints />
              <MethodPoint xsi:type="SequencePoint" vc="0" uspid="120" ordinal="0" offset="0" sl="99" sc="9" el="99" ec="10" bec="0" bev="0" fileid="5" />
            </Method>
            <Method visited="false" cyclomaticComplexity="1" nPathComplexity="0" sequenceCoverage="0" branchCoverage="0" crapScore="2" isConstructor="false" isStatic="false" isGetter="false" isSetter="false">
              <Summary numSequencePoints="6" visitedSequencePoints="0" numBranchPoints="1" visitedBranchPoints="0" sequenceCoverage="0" branchCoverage="0" maxCyclomaticComplexity="1" minCyclomaticComplexity="1" maxCrapScore="2" minCrapScore="2" visitedClasses="0" numClasses="0" visitedMethods="0" numMethods="1" />
              <MetadataToken>100663315</MetadataToken>
              <Name>System.Void Tests.Common_Test.Pomocne_funkcijeCreate_Test::Engueue_Test_True(System.String)</Name>
              <FileRef uid="5" />
              <SequencePoints>
                <SequencePoint vc="0" uspid="128" ordinal="0" offset="0" sl="111" sc="9" el="111" ec="10" bec="0" bev="0" fileid="5" />
                <SequencePoint vc="0" uspid="129" ordinal="1" offset="1" sl="112" sc="13" el="112" ec="35" bec="0" bev="0" fileid="5" />
                <SequencePoint vc="0" uspid="130" ordinal="2" offset="7" sl="113" sc="13" el="113" ec="28" bec="0" bev="0" fileid="5" />
                <SequencePoint vc="0" uspid="131" ordinal="3" offset="15" sl="114" sc="13" el="114" ec="78" bec="0" bev="0" fileid="5" />
                <SequencePoint vc="0" uspid="132" ordinal="4" offset="31" sl="115" sc="13" el="115" ec="49" bec="0" bev="0" fileid="5" />
                <SequencePoint vc="0" uspid="133" ordinal="5" offset="45" sl="116" sc="9" el="116" ec="10" bec="0" bev="0" fileid="5" />
              </SequencePoints>
              <BranchPoints />
              <MethodPoint xsi:type="SequencePoint" vc="0" uspid="128" ordinal="0" offset="0" sl="111" sc="9" el="111" ec="10" bec="0" bev="0" fileid="5" />
            </Method>
            <Method visited="false" cyclomaticComplexity="1" nPathComplexity="0" sequenceCoverage="0" branchCoverage="0" crapScore="2" isConstructor="false" isStatic="false" isGetter="false" isSetter="false">
              <Summary numSequencePoints="5" visitedSequencePoints="0" numBranchPoints="1" visitedBranchPoints="0" sequenceCoverage="0" branchCoverage="0" maxCyclomaticComplexity="1" minCyclomaticComplexity="1" maxCrapScore="2" minCrapScore="2" visitedClasses="0" numClasses="0" visitedMethods="0" numMethods="1" />
              <MetadataToken>100663316</MetadataToken>
              <Name>System.Void Tests.Common_Test.Pomocne_funkcijeCreate_Test::Enqueue_Test_True(System.String)</Name>
              <FileRef uid="5" />
              <SequencePoints>
                <SequencePoint vc="0" uspid="134" ordinal="0" offset="0" sl="121" sc="9" el="121" ec="10" bec="0" bev="0" fileid="5" />
                <SequencePoint vc="0" uspid="135" ordinal="1" offset="1" sl="122" sc="13" el="122" ec="35" bec="0" bev="0" fileid="5" />
                <SequencePoint vc="0" uspid="136" ordinal="2" offset="7" sl="123" sc="13" el="123" ec="78" bec="0" bev="0" fileid="5" />
                <SequencePoint vc="0" uspid="137" ordinal="3" offset="23" sl="124" sc="13" el="124" ec="48" bec="0" bev="0" fileid="5" />
                <SequencePoint vc="0" uspid="138" ordinal="4" offset="37" sl="125" sc="9" el="125" ec="10" bec="0" bev="0" fileid="5" />
              </SequencePoints>
              <BranchPoints />
              <MethodPoint xsi:type="SequencePoint" vc="0" uspid="134" ordinal="0" offset="0" sl="121" sc="9" el="121" ec="10" bec="0" bev="0" fileid="5" />
            </Method>
            <Method visited="false" cyclomaticComplexity="1" nPathComplexity="0" sequenceCoverage="0" branchCoverage="0" crapScore="2" isConstructor="false" isStatic="false" isGetter="false" isSetter="false">
              <Summary numSequencePoints="9" visitedSequencePoints="0" numBranchPoints="1" visitedBranchPoints="0" sequenceCoverage="0" branchCoverage="0" maxCyclomaticComplexity="1" minCyclomaticComplexity="1" maxCrapScore="2" minCrapScore="2" visitedClasses="0" numClasses="0" visitedMethods="0" numMethods="1" />
              <MetadataToken>100663317</MetadataToken>
              <Name>System.Void Tests.Common_Test.Pomocne_funkcijeCreate_Test::Dequeue_Test_String()</Name>
              <FileRef uid="5" />
              <SequencePoints>
                <SequencePoint vc="0" uspid="139" ordinal="0" offset="0" sl="129" sc="9" el="129" ec="10" bec="0" bev="0" fileid="5" />
                <SequencePoint vc="0" uspid="140" ordinal="1" offset="1" sl="130" sc="13" el="130" ec="32" bec="0" bev="0" fileid="5" />
                <SequencePoint vc="0" uspid="141" ordinal="2" offset="7" sl="131" sc="13" el="131" ec="35" bec="0" bev="0" fileid="5" />
                <SequencePoint vc="0" uspid="142" ordinal="3" offset="13" sl="132" sc="13" el="132" ec="28" bec="0" bev="0" fileid="5" />
                <SequencePoint vc="0" uspid="143" ordinal="4" offset="21" sl="133" sc="13" el="133" ec="78" bec="0" bev="0" fileid="5" />
                <SequencePoint vc="0" uspid="144" ordinal="5" offset="37" sl="134" sc="13" el="134" ec="36" bec="0" bev="0" fileid="5" />
                <SequencePoint vc="0" uspid="145" ordinal="6" offset="45" sl="135" sc="13" el="135" ec="57" bec="0" bev="0" fileid="5" />
                <SequencePoint vc="0" uspid="146" ordinal="7" offset="63" sl="136" sc="13" el="136" ec="37" bec="0" bev="0" fileid="5" />
                <SequencePoint vc="0" uspid="147" ordinal="8" offset="71" sl="137" sc="9" el="137" ec="10" bec="0" bev="0" fileid="5" />
              </SequencePoints>
              <BranchPoints />
              <MethodPoint xsi:type="SequencePoint" vc="0" uspid="139" ordinal="0" offset="0" sl="129" sc="9" el="129" ec="10" bec="0" bev="0" fileid="5" />
            </Method>
            <Method visited="false" cyclomaticComplexity="1" nPathComplexity="0" sequenceCoverage="0" branchCoverage="0" crapScore="2" isConstructor="false" isStatic="false" isGetter="false" isSetter="false">
              <Summary numSequencePoints="9" visitedSequencePoints="0" numBranchPoints="1" visitedBranchPoints="0" sequenceCoverage="0" branchCoverage="0" maxCyclomaticComplexity="1" minCyclomaticComplexity="1" maxCrapScore="2" minCrapScore="2" visitedClasses="0" numClasses="0" visitedMethods="0" numMethods="1" />
              <MetadataToken>100663318</MetadataToken>
              <Name>System.Void Tests.Common_Test.Pomocne_funkcijeCreate_Test::Dequeue_Test_Tuple()</Name>
              <FileRef uid="5" />
              <SequencePoints>
                <SequencePoint vc="0" uspid="148" ordinal="0" offset="0" sl="141" sc="9" el="141" ec="10" bec="0" bev="0" fileid="5" />
                <SequencePoint vc="0" uspid="149" ordinal="1" offset="1" sl="142" sc="13" el="142" ec="80" bec="0" bev="0" fileid="5" />
                <SequencePoint vc="0" uspid="150" ordinal="2" offset="17" sl="143" sc="13" el="143" ec="35" bec="0" bev="0" fileid="5" />
                <SequencePoint vc="0" uspid="151" ordinal="3" offset="23" sl="144" sc="13" el="144" ec="26" bec="0" bev="0" fileid="5" />
                <SequencePoint vc="0" uspid="152" ordinal="4" offset="31" sl="145" sc="13" el="145" ec="78" bec="0" bev="0" fileid="5" />
                <SequencePoint vc="0" uspid="153" ordinal="5" offset="47" sl="146" sc="13" el="146" ec="36" bec="0" bev="0" fileid="5" />
                <SequencePoint vc="0" uspid="154" ordinal="6" offset="55" sl="147" sc="13" el="147" ec="55" bec="0" bev="0" fileid="5" />
                <SequencePoint vc="0" uspid="155" ordinal="7" offset="73" sl="148" sc="13" el="148" ec="35" bec="0" bev="0" fileid="5" />
                <SequencePoint vc="0" uspid="156" ordinal="8" offset="81" sl="149" sc="9" el="149" ec="10" bec="0" bev="0" fileid="5" />
              </SequencePoints>
              <BranchPoints />
              <MethodPoint xsi:type="SequencePoint" vc="0" uspid="148" ordinal="0" offset="0" sl="141" sc="9" el="141" ec="10" bec="0" bev="0" fileid="5" />
            </Method>
            <Method visited="false" cyclomaticComplexity="1" nPathComplexity="0" sequenceCoverage="0" branchCoverage="0" crapScore="2" isConstructor="false" isStatic="false" isGetter="false" isSetter="false">
              <Summary numSequencePoints="6" visitedSequencePoints="0" numBranchPoints="1" visitedBranchPoints="0" sequenceCoverage="0" branchCoverage="0" maxCyclomaticComplexity="1" minCyclomaticComplexity="1" maxCrapScore="2" minCrapScore="2" visitedClasses="0" numClasses="0" visitedMethods="0" numMethods="1" />
              <MetadataToken>100663319</MetadataToken>
              <Name>System.Void Tests.Common_Test.Pomocne_funkcijeCreate_Test::Dequeue_Test_EmptyQueue()</Name>
              <FileRef uid="5" />
              <SequencePoints>
                <SequencePoint vc="0" uspid="157" ordinal="0" offset="0" sl="153" sc="9" el="153" ec="10" bec="0" bev="0" fileid="5" />
                <SequencePoint vc="0" uspid="158" ordinal="1" offset="1" sl="154" sc="13" el="154" ec="35" bec="0" bev="0" fileid="5" />
                <SequencePoint vc="0" uspid="159" ordinal="2" offset="7" sl="155" sc="13" el="155" ec="78" bec="0" bev="0" fileid="5" />
                <SequencePoint vc="0" uspid="160" ordinal="3" offset="23" sl="156" sc="13" el="156" ec="36" bec="0" bev="0" fileid="5" />
                <SequencePoint vc="0" uspid="161" ordinal="4" offset="31" sl="157" sc="13" el="157" ec="50" bec="0" bev="0" fileid="5" />
                <SequencePoint vc="0" uspid="162" ordinal="5" offset="43" sl="158" sc="9" el="158" ec="10" bec="0" bev="0" fileid="5" />
              </SequencePoints>
              <BranchPoints />
              <MethodPoint xsi:type="SequencePoint" vc="0" uspid="157" ordinal="0" offset="0" sl="153" sc="9" el="153" ec="10" bec="0" bev="0" fileid="5" />
            </Method>
            <Method visited="false" cyclomaticComplexity="1" nPathComplexity="0" sequenceCoverage="0" branchCoverage="0" crapScore="2" isConstructor="true" isStatic="false" isGetter="false" isSetter="false">
              <Summary numSequencePoints="0" visitedSequencePoints="0" numBranchPoints="0" visitedBranchPoints="0" sequenceCoverage="0" branchCoverage="0" maxCyclomaticComplexity="1" minCyclomaticComplexity="1" maxCrapScore="2" minCrapScore="2" visitedClasses="0" numClasses="0" visitedMethods="0" numMethods="0" />
              <MetadataToken>100663320</MetadataToken>
              <Name>System.Void Tests.Common_Test.Pomocne_funkcijeCreate_Test::.ctor()</Name>
              <SequencePoints />
              <BranchPoints />
              <MethodPoint vc="0" uspid="163" ordinal="0" offset="0" />
            </Method>
            <Method visited="false" cyclomaticComplexity="1" nPathComplexity="0" sequenceCoverage="0" branchCoverage="0" crapScore="2" isConstructor="true" isStatic="true" isGetter="false" isSetter="false">
              <Summary numSequencePoints="2" visitedSequencePoints="0" numBranchPoints="1" visitedBranchPoints="0" sequenceCoverage="0" branchCoverage="0" maxCyclomaticComplexity="1" minCyclomaticComplexity="1" maxCrapScore="2" minCrapScore="2" visitedClasses="0" numClasses="0" visitedMethods="0" numMethods="1" />
              <MetadataToken>100663321</MetadataToken>
              <Name>System.Void Tests.Common_Test.Pomocne_funkcijeCreate_Test::.cctor()</Name>
              <FileRef uid="5" />
              <SequencePoints>
                <SequencePoint vc="0" uspid="164" ordinal="0" offset="0" sl="17" sc="9" el="17" ec="66" bec="0" bev="0" fileid="5" />
                <SequencePoint vc="0" uspid="165" ordinal="1" offset="10" sl="18" sc="9" el="18" ec="61" bec="0" bev="0" fileid="5" />
              </SequencePoints>
              <BranchPoints />
              <MethodPoint xsi:type="SequencePoint" vc="0" uspid="164" ordinal="0" offset="0" sl="17" sc="9" el="17" ec="66" bec="0" bev="0" fileid="5" />
            </Method>
          </Methods>
        </Class>
        <Class>
          <Summary numSequencePoints="3" visitedSequencePoints="0" numBranchPoints="1" visitedBranchPoints="0" sequenceCoverage="0" branchCoverage="0" maxCyclomaticComplexity="1" minCyclomaticComplexity="1" maxCrapScore="2" minCrapScore="2" visitedClasses="0" numClasses="1" visitedMethods="0" numMethods="1" />
          <FullName>Tests.Common_Test.Pomocne_funkcijeCreate_Test/&lt;&gt;c__DisplayClass7_0</FullName>
          <Methods>
            <Method visited="false" cyclomaticComplexity="1" nPathComplexity="0" sequenceCoverage="0" branchCoverage="0" crapScore="2" isConstructor="true" isStatic="false" isGetter="false" isSetter="false">
              <Summary numSequencePoints="0" visitedSequencePoints="0" numBranchPoints="0" visitedBranchPoints="0" sequenceCoverage="0" branchCoverage="0" maxCyclomaticComplexity="1" minCyclomaticComplexity="1" maxCrapScore="2" minCrapScore="2" visitedClasses="0" numClasses="0" visitedMethods="0" numMethods="0" />
              <MetadataToken>100663382</MetadataToken>
              <Name>System.Void Tests.Common_Test.Pomocne_funkcijeCreate_Test/&lt;&gt;c__DisplayClass7_0::.ctor()</Name>
              <SequencePoints />
              <BranchPoints />
              <MethodPoint vc="0" uspid="166" ordinal="0" offset="0" />
            </Method>
            <Method visited="false" cyclomaticComplexity="1" nPathComplexity="0" sequenceCoverage="0" branchCoverage="0" crapScore="2" isConstructor="false" isStatic="false" isGetter="false" isSetter="false">
              <Summary numSequencePoints="3" visitedSequencePoints="0" numBranchPoints="1" visitedBranchPoints="0" sequenceCoverage="0" branchCoverage="0" maxCyclomaticComplexity="1" minCyclomaticComplexity="1" maxCrapScore="2" minCrapScore="2" visitedClasses="0" numClasses="0" visitedMethods="0" numMethods="1" />
              <MetadataToken>100663383</MetadataToken>
              <Name>System.Void Tests.Common_Test.Pomocne_funkcijeCreate_Test/&lt;&gt;c__DisplayClass7_0::&lt;Jedinstvenost_Test_EmptyString&gt;b__0()</Name>
              <FileRef uid="5" />
              <SequencePoints>
                <SequencePoint vc="0" uspid="167" ordinal="0" offset="0" sl="51" sc="13" el="51" ec="14" bec="0" bev="0" fileid="5" />
                <SequencePoint vc="0" uspid="168" ordinal="1" offset="1" sl="52" sc="17" el="52" ec="47" bec="0" bev="0" fileid="5" />
                <SequencePoint vc="0" uspid="169" ordinal="2" offset="25" sl="53" sc="13" el="53" ec="14" bec="0" bev="0" fileid="5" />
              </SequencePoints>
              <BranchPoints />
              <MethodPoint xsi:type="SequencePoint" vc="0" uspid="167" ordinal="0" offset="0" sl="51" sc="13" el="51" ec="14" bec="0" bev="0" fileid="5" />
            </Method>
          </Methods>
        </Class>
        <Class>
          <Summary numSequencePoints="3" visitedSequencePoints="0" numBranchPoints="1" visitedBranchPoints="0" sequenceCoverage="0" branchCoverage="0" maxCyclomaticComplexity="1" minCyclomaticComplexity="1" maxCrapScore="2" minCrapScore="2" visitedClasses="0" numClasses="1" visitedMethods="0" numMethods="1" />
          <FullName>Tests.Common_Test.Pomocne_funkcijeCreate_Test/&lt;&gt;c__DisplayClass8_0</FullName>
          <Methods>
            <Method visited="false" cyclomaticComplexity="1" nPathComplexity="0" sequenceCoverage="0" branchCoverage="0" crapScore="2" isConstructor="true" isStatic="false" isGetter="false" isSetter="false">
              <Summary numSequencePoints="0" visitedSequencePoints="0" numBranchPoints="0" visitedBranchPoints="0" sequenceCoverage="0" branchCoverage="0" maxCyclomaticComplexity="1" minCyclomaticComplexity="1" maxCrapScore="2" minCrapScore="2" visitedClasses="0" numClasses="0" visitedMethods="0" numMethods="0" />
              <MetadataToken>100663384</MetadataToken>
              <Name>System.Void Tests.Common_Test.Pomocne_funkcijeCreate_Test/&lt;&gt;c__DisplayClass8_0::.ctor()</Name>
              <SequencePoints />
              <BranchPoints />
              <MethodPoint vc="0" uspid="170" ordinal="0" offset="0" />
            </Method>
            <Method visited="false" cyclomaticComplexity="1" nPathComplexity="0" sequenceCoverage="0" branchCoverage="0" crapScore="2" isConstructor="false" isStatic="false" isGetter="false" isSetter="false">
              <Summary numSequencePoints="3" visitedSequencePoints="0" numBranchPoints="1" visitedBranchPoints="0" sequenceCoverage="0" branchCoverage="0" maxCyclomaticComplexity="1" minCyclomaticComplexity="1" maxCrapScore="2" minCrapScore="2" visitedClasses="0" numClasses="0" visitedMethods="0" numMethods="1" />
              <MetadataToken>100663385</MetadataToken>
              <Name>System.Void Tests.Common_Test.Pomocne_funkcijeCreate_Test/&lt;&gt;c__DisplayClass8_0::&lt;Jedinstvenost_Test_NullString&gt;b__0()</Name>
              <FileRef uid="5" />
              <SequencePoints>
                <SequencePoint vc="0" uspid="171" ordinal="0" offset="0" sl="63" sc="13" el="63" ec="14" bec="0" bev="0" fileid="5" />
                <SequencePoint vc="0" uspid="172" ordinal="1" offset="1" sl="64" sc="17" el="64" ec="47" bec="0" bev="0" fileid="5" />
                <SequencePoint vc="0" uspid="173" ordinal="2" offset="25" sl="66" sc="13" el="66" ec="14" bec="0" bev="0" fileid="5" />
              </SequencePoints>
              <BranchPoints />
              <MethodPoint xsi:type="SequencePoint" vc="0" uspid="171" ordinal="0" offset="0" sl="63" sc="13" el="63" ec="14" bec="0" bev="0" fileid="5" />
            </Method>
          </Methods>
        </Class>
        <Class>
          <Summary numSequencePoints="48" visitedSequencePoints="48" numBranchPoints="4" visitedBranchPoints="4" sequenceCoverage="100" branchCoverage="100" maxCyclomaticComplexity="1" minCyclomaticComplexity="1" maxCrapScore="2" minCrapScore="1" visitedClasses="1" numClasses="1" visitedMethods="4" numMethods="4" />
          <FullName>Tests.Client_Test.Metode_Test.SubscribeTest</FullName>
          <Methods>
            <Method visited="true" cyclomaticComplexity="1" nPathComplexity="0" sequenceCoverage="100" branchCoverage="100" crapScore="1" isConstructor="false" isStatic="false" isGetter="false" isSetter="false">
              <Summary numSequencePoints="9" visitedSequencePoints="9" numBranchPoints="1" visitedBranchPoints="1" sequenceCoverage="100" branchCoverage="100" maxCyclomaticComplexity="1" minCyclomaticComplexity="1" maxCrapScore="1" minCrapScore="1" visitedClasses="0" numClasses="0" visitedMethods="1" numMethods="1" />
              <MetadataToken>100663322</MetadataToken>
              <Name>System.Void Tests.Client_Test.Metode_Test.SubscribeTest::TestSetup()</Name>
              <FileRef uid="8" />
              <SequencePoints>
                <SequencePoint vc="3" uspid="174" ordinal="0" offset="0" sl="29" sc="9" el="29" ec="10" bec="0" bev="0" fileid="8" />
                <SequencePoint vc="3" uspid="175" ordinal="1" offset="1" sl="31" sc="13" el="31" ec="38" bec="0" bev="0" fileid="8" />
                <SequencePoint vc="3" uspid="176" ordinal="2" offset="11" sl="32" sc="13" el="32" ec="44" bec="0" bev="0" fileid="8" />
                <SequencePoint vc="3" uspid="177" ordinal="3" offset="27" sl="33" sc="13" el="33" ec="37" bec="0" bev="0" fileid="8" />
                <SequencePoint vc="3" uspid="178" ordinal="4" offset="37" sl="34" sc="13" el="34" ec="45" bec="0" bev="0" fileid="8" />
                <SequencePoint vc="3" uspid="179" ordinal="5" offset="57" sl="35" sc="13" el="35" ec="51" bec="0" bev="0" fileid="8" />
                <SequencePoint vc="3" uspid="180" ordinal="6" offset="67" sl="36" sc="13" el="36" ec="47" bec="0" bev="0" fileid="8" />
                <SequencePoint vc="3" uspid="181" ordinal="7" offset="77" sl="37" sc="13" el="37" ec="79" bec="0" bev="0" fileid="8" />
                <SequencePoint vc="3" uspid="182" ordinal="8" offset="97" sl="39" sc="9" el="39" ec="10" bec="0" bev="0" fileid="8" />
              </SequencePoints>
              <BranchPoints />
              <MethodPoint xsi:type="SequencePoint" vc="3" uspid="174" ordinal="0" offset="0" sl="29" sc="9" el="29" ec="10" bec="0" bev="0" fileid="8" />
            </Method>
            <Method visited="true" cyclomaticComplexity="1" nPathComplexity="0" sequenceCoverage="100" branchCoverage="100" crapScore="1" isConstructor="false" isStatic="false" isGetter="false" isSetter="false">
              <Summary numSequencePoints="13" visitedSequencePoints="13" numBranchPoints="1" visitedBranchPoints="1" sequenceCoverage="100" branchCoverage="100" maxCyclomaticComplexity="1" minCyclomaticComplexity="1" maxCrapScore="1" minCrapScore="1" visitedClasses="0" numClasses="0" visitedMethods="1" numMethods="1" />
              <MetadataToken>100663323</MetadataToken>
              <Name>System.Void Tests.Client_Test.Metode_Test.SubscribeTest::SubscribeGood()</Name>
              <FileRef uid="8" />
              <SequencePoints>
                <SequencePoint vc="1" uspid="183" ordinal="0" offset="0" sl="43" sc="9" el="43" ec="10" bec="0" bev="0" fileid="8">
                  <TrackedMethodRefs>
                    <TrackedMethodRef uid="30" vc="1" />
                  </TrackedMethodRefs>
                </SequencePoint>
                <SequencePoint vc="1" uspid="184" ordinal="1" offset="1" sl="44" sc="13" el="44" ec="45" bec="0" bev="0" fileid="8">
                  <TrackedMethodRefs>
                    <TrackedMethodRef uid="30" vc="1" />
                  </TrackedMethodRefs>
                </SequencePoint>
                <SequencePoint vc="1" uspid="185" ordinal="2" offset="16" sl="45" sc="13" el="45" ec="41" bec="0" bev="0" fileid="8">
                  <TrackedMethodRefs>
                    <TrackedMethodRef uid="30" vc="1" />
                  </TrackedMethodRefs>
                </SequencePoint>
                <SequencePoint vc="1" uspid="186" ordinal="3" offset="33" sl="46" sc="13" el="46" ec="137" bec="0" bev="0" fileid="8">
                  <TrackedMethodRefs>
                    <TrackedMethodRef uid="30" vc="1" />
                  </TrackedMethodRefs>
                </SequencePoint>
                <SequencePoint vc="1" uspid="187" ordinal="4" offset="49" sl="47" sc="13" el="47" ec="54" bec="0" bev="0" fileid="8">
                  <TrackedMethodRefs>
                    <TrackedMethodRef uid="30" vc="1" />
                  </TrackedMethodRefs>
                </SequencePoint>
                <SequencePoint vc="1" uspid="188" ordinal="5" offset="65" sl="48" sc="13" el="48" ec="206" bec="0" bev="0" fileid="8">
                  <TrackedMethodRefs>
                    <TrackedMethodRef uid="30" vc="1" />
                  </TrackedMethodRefs>
                </SequencePoint>
                <SequencePoint vc="1" uspid="189" ordinal="6" offset="136" sl="49" sc="13" el="49" ec="197" bec="0" bev="0" fileid="8">
                  <TrackedMethodRefs>
                    <TrackedMethodRef uid="30" vc="1" />
                  </TrackedMethodRefs>
                </SequencePoint>
                <SequencePoint vc="1" uspid="190" ordinal="7" offset="207" sl="50" sc="13" el="50" ec="54" bec="0" bev="0" fileid="8">
                  <TrackedMethodRefs>
                    <TrackedMethodRef uid="30" vc="1" />
                  </TrackedMethodRefs>
                </SequencePoint>
                <SequencePoint vc="1" uspid="191" ordinal="8" offset="218" sl="51" sc="13" el="51" ec="42" bec="0" bev="0" fileid="8">
                  <TrackedMethodRefs>
                    <TrackedMethodRef uid="30" vc="1" />
                  </TrackedMethodRefs>
                </SequencePoint>
                <SequencePoint vc="1" uspid="192" ordinal="9" offset="231" sl="52" sc="13" el="52" ec="76" bec="0" bev="0" fileid="8">
                  <TrackedMethodRefs>
                    <TrackedMethodRef uid="30" vc="1" />
                  </TrackedMethodRefs>
                </SequencePoint>
                <SequencePoint vc="1" uspid="193" ordinal="10" offset="258" sl="53" sc="13" el="53" ec="52" bec="0" bev="0" fileid="8">
                  <TrackedMethodRefs>
                    <TrackedMethodRef uid="30" vc="1" />
                  </TrackedMethodRefs>
                </SequencePoint>
                <SequencePoint vc="1" uspid="194" ordinal="11" offset="270" sl="56" sc="13" el="56" ec="201" bec="0" bev="0" fileid="8">
                  <TrackedMethodRefs>
                    <TrackedMethodRef uid="30" vc="1" />
                  </TrackedMethodRefs>
                </SequencePoint>
                <SequencePoint vc="1" uspid="195" ordinal="12" offset="343" sl="57" sc="9" el="57" ec="10" bec="0" bev="0" fileid="8">
                  <TrackedMethodRefs>
                    <TrackedMethodRef uid="30" vc="1" />
                  </TrackedMethodRefs>
                </SequencePoint>
              </SequencePoints>
              <BranchPoints />
              <MethodPoint xsi:type="SequencePoint" vc="1" uspid="183" ordinal="0" offset="0" sl="43" sc="9" el="43" ec="10" bec="0" bev="0" fileid="8">
                <TrackedMethodRefs>
                  <TrackedMethodRef uid="30" vc="1" />
                </TrackedMethodRefs>
              </MethodPoint>
            </Method>
            <Method visited="true" cyclomaticComplexity="1" nPathComplexity="0" sequenceCoverage="100" branchCoverage="100" crapScore="1" isConstructor="false" isStatic="false" isGetter="false" isSetter="false">
              <Summary numSequencePoints="7" visitedSequencePoints="7" numBranchPoints="1" visitedBranchPoints="1" sequenceCoverage="100" branchCoverage="100" maxCyclomaticComplexity="1" minCyclomaticComplexity="1" maxCrapScore="1" minCrapScore="1" visitedClasses="0" numClasses="0" visitedMethods="1" numMethods="1" />
              <MetadataToken>100663324</MetadataToken>
              <Name>System.Void Tests.Client_Test.Metode_Test.SubscribeTest::SubscribeNull()</Name>
              <FileRef uid="8" />
              <SequencePoints>
                <SequencePoint vc="1" uspid="196" ordinal="0" offset="0" sl="62" sc="9" el="62" ec="10" bec="0" bev="0" fileid="8">
                  <TrackedMethodRefs>
                    <TrackedMethodRef uid="31" vc="1" />
                  </TrackedMethodRefs>
                </SequencePoint>
                <SequencePoint vc="1" uspid="197" ordinal="1" offset="1" sl="63" sc="13" el="63" ec="45" bec="0" bev="0" fileid="8">
                  <TrackedMethodRefs>
                    <TrackedMethodRef uid="31" vc="1" />
                  </TrackedMethodRefs>
                </SequencePoint>
                <SequencePoint vc="1" uspid="198" ordinal="2" offset="16" sl="64" sc="13" el="64" ec="41" bec="0" bev="0" fileid="8">
                  <TrackedMethodRefs>
                    <TrackedMethodRef uid="31" vc="1" />
                  </TrackedMethodRefs>
                </SequencePoint>
                <SequencePoint vc="1" uspid="199" ordinal="3" offset="33" sl="65" sc="13" el="65" ec="137" bec="0" bev="0" fileid="8">
                  <TrackedMethodRefs>
                    <TrackedMethodRef uid="31" vc="1" />
                  </TrackedMethodRefs>
                </SequencePoint>
                <SequencePoint vc="1" uspid="200" ordinal="4" offset="49" sl="66" sc="13" el="66" ec="54" bec="0" bev="0" fileid="8">
                  <TrackedMethodRefs>
                    <TrackedMethodRef uid="31" vc="1" />
                  </TrackedMethodRefs>
                </SequencePoint>
                <SequencePoint vc="1" uspid="201" ordinal="5" offset="65" sl="70" sc="13" el="70" ec="132" bec="0" bev="0" fileid="8">
                  <TrackedMethodRefs>
                    <TrackedMethodRef uid="31" vc="1" />
                  </TrackedMethodRefs>
                </SequencePoint>
                <SequencePoint vc="1" uspid="202" ordinal="6" offset="127" sl="71" sc="9" el="71" ec="10" bec="0" bev="0" fileid="8">
                  <TrackedMethodRefs>
                    <TrackedMethodRef uid="31" vc="1" />
                  </TrackedMethodRefs>
                </SequencePoint>
              </SequencePoints>
              <BranchPoints />
              <MethodPoint xsi:type="SequencePoint" vc="1" uspid="196" ordinal="0" offset="0" sl="62" sc="9" el="62" ec="10" bec="0" bev="0" fileid="8">
                <TrackedMethodRefs>
                  <TrackedMethodRef uid="31" vc="1" />
                </TrackedMethodRefs>
              </MethodPoint>
            </Method>
            <Method visited="true" cyclomaticComplexity="1" nPathComplexity="0" sequenceCoverage="100" branchCoverage="100" crapScore="1" isConstructor="false" isStatic="false" isGetter="false" isSetter="false">
              <Summary numSequencePoints="19" visitedSequencePoints="19" numBranchPoints="1" visitedBranchPoints="1" sequenceCoverage="100" branchCoverage="100" maxCyclomaticComplexity="1" minCyclomaticComplexity="1" maxCrapScore="1" minCrapScore="1" visitedClasses="0" numClasses="0" visitedMethods="1" numMethods="1" />
              <MetadataToken>100663325</MetadataToken>
              <Name>System.Void Tests.Client_Test.Metode_Test.SubscribeTest::TestDeleteModelClients()</Name>
              <FileRef uid="8" />
              <SequencePoints>
                <SequencePoint vc="1" uspid="203" ordinal="0" offset="0" sl="75" sc="9" el="75" ec="10" bec="0" bev="0" fileid="8">
                  <TrackedMethodRefs>
                    <TrackedMethodRef uid="32" vc="1" />
                  </TrackedMethodRefs>
                </SequencePoint>
                <SequencePoint vc="1" uspid="204" ordinal="1" offset="1" sl="76" sc="13" el="76" ec="45" bec="0" bev="0" fileid="8">
                  <TrackedMethodRefs>
                    <TrackedMethodRef uid="32" vc="1" />
                  </TrackedMethodRefs>
                </SequencePoint>
                <SequencePoint vc="1" uspid="205" ordinal="2" offset="16" sl="77" sc="13" el="77" ec="41" bec="0" bev="0" fileid="8">
                  <TrackedMethodRefs>
                    <TrackedMethodRef uid="32" vc="1" />
                  </TrackedMethodRefs>
                </SequencePoint>
                <SequencePoint vc="1" uspid="206" ordinal="3" offset="33" sl="78" sc="13" el="78" ec="137" bec="0" bev="0" fileid="8">
                  <TrackedMethodRefs>
                    <TrackedMethodRef uid="32" vc="1" />
                  </TrackedMethodRefs>
                </SequencePoint>
                <SequencePoint vc="1" uspid="207" ordinal="4" offset="49" sl="79" sc="13" el="79" ec="54" bec="0" bev="0" fileid="8">
                  <TrackedMethodRefs>
                    <TrackedMethodRef uid="32" vc="1" />
                  </TrackedMethodRefs>
                </SequencePoint>
                <SequencePoint vc="1" uspid="208" ordinal="5" offset="65" sl="80" sc="13" el="80" ec="206" bec="0" bev="0" fileid="8">
                  <TrackedMethodRefs>
                    <TrackedMethodRef uid="32" vc="1" />
                  </TrackedMethodRefs>
                </SequencePoint>
                <SequencePoint vc="1" uspid="209" ordinal="6" offset="136" sl="81" sc="13" el="81" ec="197" bec="0" bev="0" fileid="8">
                  <TrackedMethodRefs>
                    <TrackedMethodRef uid="32" vc="1" />
                  </TrackedMethodRefs>
                </SequencePoint>
                <SequencePoint vc="1" uspid="210" ordinal="7" offset="207" sl="82" sc="13" el="82" ec="54" bec="0" bev="0" fileid="8">
                  <TrackedMethodRefs>
                    <TrackedMethodRef uid="32" vc="1" />
                  </TrackedMethodRefs>
                </SequencePoint>
                <SequencePoint vc="1" uspid="211" ordinal="8" offset="218" sl="83" sc="13" el="83" ec="42" bec="0" bev="0" fileid="8">
                  <TrackedMethodRefs>
                    <TrackedMethodRef uid="32" vc="1" />
                  </TrackedMethodRefs>
                </SequencePoint>
                <SequencePoint vc="1" uspid="212" ordinal="9" offset="231" sl="84" sc="13" el="84" ec="76" bec="0" bev="0" fileid="8">
                  <TrackedMethodRefs>
                    <TrackedMethodRef uid="32" vc="1" />
                  </TrackedMethodRefs>
                </SequencePoint>
                <SequencePoint vc="1" uspid="213" ordinal="10" offset="258" sl="85" sc="13" el="85" ec="52" bec="0" bev="0" fileid="8">
                  <TrackedMethodRefs>
                    <TrackedMethodRef uid="32" vc="1" />
                  </TrackedMethodRefs>
                </SequencePoint>
                <SequencePoint vc="1" uspid="214" ordinal="11" offset="270" sl="87" sc="13" el="87" ec="57" bec="0" bev="0" fileid="8">
                  <TrackedMethodRefs>
                    <TrackedMethodRef uid="32" vc="1" />
                  </TrackedMethodRefs>
                </SequencePoint>
                <SequencePoint vc="1" uspid="215" ordinal="12" offset="281" sl="88" sc="13" el="88" ec="42" bec="0" bev="0" fileid="8">
                  <TrackedMethodRefs>
                    <TrackedMethodRef uid="32" vc="1" />
                  </TrackedMethodRefs>
                </SequencePoint>
                <SequencePoint vc="1" uspid="216" ordinal="13" offset="294" sl="89" sc="13" el="89" ec="79" bec="0" bev="0" fileid="8">
                  <TrackedMethodRefs>
                    <TrackedMethodRef uid="32" vc="1" />
                  </TrackedMethodRefs>
                </SequencePoint>
                <SequencePoint vc="1" uspid="217" ordinal="14" offset="321" sl="90" sc="13" el="90" ec="55" bec="0" bev="0" fileid="8">
                  <TrackedMethodRefs>
                    <TrackedMethodRef uid="32" vc="1" />
                  </TrackedMethodRefs>
                </SequencePoint>
                <SequencePoint vc="1" uspid="218" ordinal="15" offset="333" sl="92" sc="13" el="92" ec="64" bec="0" bev="0" fileid="8">
                  <TrackedMethodRefs>
                    <TrackedMethodRef uid="32" vc="1" />
                  </TrackedMethodRefs>
                </SequencePoint>
                <SequencePoint vc="1" uspid="219" ordinal="16" offset="364" sl="93" sc="13" el="93" ec="66" bec="0" bev="0" fileid="8">
                  <TrackedMethodRefs>
                    <TrackedMethodRef uid="32" vc="1" />
                  </TrackedMethodRefs>
                </SequencePoint>
                <SequencePoint vc="1" uspid="220" ordinal="17" offset="387" sl="98" sc="13" el="98" ec="201" bec="0" bev="0" fileid="8">
                  <TrackedMethodRefs>
                    <TrackedMethodRef uid="32" vc="1" />
                  </TrackedMethodRefs>
                </SequencePoint>
                <SequencePoint vc="1" uspid="221" ordinal="18" offset="460" sl="99" sc="9" el="99" ec="10" bec="0" bev="0" fileid="8">
                  <TrackedMethodRefs>
                    <TrackedMethodRef uid="32" vc="1" />
                  </TrackedMethodRefs>
                </SequencePoint>
              </SequencePoints>
              <BranchPoints />
              <MethodPoint xsi:type="SequencePoint" vc="1" uspid="203" ordinal="0" offset="0" sl="75" sc="9" el="75" ec="10" bec="0" bev="0" fileid="8">
                <TrackedMethodRefs>
                  <TrackedMethodRef uid="32" vc="1" />
                </TrackedMethodRefs>
              </MethodPoint>
            </Method>
            <Method visited="false" cyclomaticComplexity="1" nPathComplexity="0" sequenceCoverage="0" branchCoverage="0" crapScore="2" isConstructor="true" isStatic="false" isGetter="false" isSetter="false">
[...]
              <Name>System.Void Client.Migrations.DodatNazivLobbyja/&lt;&gt;c::.cctor()</Name>
              <SequencePoints />
              <BranchPoints />
              <MethodPoint vc="0" uspid="1361" ordinal="0" offset="0" />
            </Method>
            <Method visited="false" cyclomaticComplexity="1" nPathComplexity="0" sequenceCoverage="0" branchCoverage="0" crapScore="2" isConstructor="true" isStatic="false" isGetter="false" isSetter="false">
              <Summary numSequencePoints="0" visitedSequencePoints="0" numBranchPoints="0" visitedBranchPoints="0" sequenceCoverage="0" branchCoverage="0" maxCyclomaticComplexity="1" minCyclomaticComplexity="1" maxCrapScore="2" minCrapScore="2" visitedClasses="0" numClasses="0" visitedMethods="0" numMethods="0" />
              <MetadataToken>100663527</MetadataToken>
              <Name>System.Void Client.Migrations.DodatNazivLobbyja/&lt;&gt;c::.ctor()</Name>
              <SequencePoints />
              <BranchPoints />
              <MethodPoint vc="0" uspid="1362" ordinal="0" offset="0" />
            </Method>
            <Method visited="false" cyclomaticComplexity="1" nPathComplexity="0" sequenceCoverage="0" branchCoverage="0" crapScore="2" isConstructor="false" isStatic="false" isGetter="false" isSetter="false">
              <Summary numSequencePoints="1" visitedSequencePoints="0" numBranchPoints="1" visitedBranchPoints="0" sequenceCoverage="0" branchCoverage="0" maxCyclomaticComplexity="1" minCyclomaticComplexity="1" maxCrapScore="2" minCrapScore="2" visitedClasses="0" numClasses="0" visitedMethods="0" numMethods="1" />
              <MetadataToken>100663528</MetadataToken>
              <Name>System.Data.Entity.Migrations.Model.ColumnModel Client.Migrations.DodatNazivLobbyja/&lt;&gt;c::&lt;Up&gt;b__0_0(System.Data.Entity.Migrations.Builders.ColumnBuilder)</Name>
              <FileRef uid="79" />
              <SequencePoints>
                <SequencePoint vc="0" uspid="1363" ordinal="0" offset="0" sl="10" sc="71" el="10" ec="81" bec="0" bev="0" fileid="79" />
              </SequencePoints>
              <BranchPoints />
              <MethodPoint xsi:type="SequencePoint" vc="0" uspid="1363" ordinal="0" offset="0" sl="10" sc="71" el="10" ec="81" bec="0" bev="0" fileid="79" />
            </Method>
          </Methods>
        </Class>
        <Class>
          <Summary numSequencePoints="24" visitedSequencePoints="0" numBranchPoints="6" visitedBranchPoints="0" sequenceCoverage="0" branchCoverage="0" maxCyclomaticComplexity="2" minCyclomaticComplexity="1" maxCrapScore="6" minCrapScore="2" visitedClasses="0" numClasses="1" visitedMethods="0" numMethods="6" />
          <FullName>Client.Migrations.NotMappedClients</FullName>
          <Methods>
            <Method visited="false" cyclomaticComplexity="1" nPathComplexity="0" sequenceCoverage="0" branchCoverage="0" crapScore="2" isConstructor="false" isStatic="false" isGetter="true" isSetter="false">
              <Summary numSequencePoints="3" visitedSequencePoints="0" numBranchPoints="1" visitedBranchPoints="0" sequenceCoverage="0" branchCoverage="0" maxCyclomaticComplexity="1" minCyclomaticComplexity="1" maxCrapScore="2" minCrapScore="2" visitedClasses="0" numClasses="0" visitedMethods="0" numMethods="1" />
              <MetadataToken>100663496</MetadataToken>
              <Name>System.String Client.Migrations.NotMappedClients::System.Data.Entity.Migrations.Infrastructure.IMigrationMetadata.get_Id()</Name>
              <FileRef uid="83" />
              <SequencePoints>
                <SequencePoint vc="0" uspid="1364" ordinal="0" offset="0" sl="16" sc="17" el="16" ec="18" bec="0" bev="0" fileid="83" />
                <SequencePoint vc="0" uspid="1365" ordinal="1" offset="1" sl="16" sc="19" el="16" ec="61" bec="0" bev="0" fileid="83" />
                <SequencePoint vc="0" uspid="1366" ordinal="2" offset="9" sl="16" sc="62" el="16" ec="63" bec="0" bev="0" fileid="83" />
              </SequencePoints>
              <BranchPoints />
              <MethodPoint xsi:type="SequencePoint" vc="0" uspid="1364" ordinal="0" offset="0" sl="16" sc="17" el="16" ec="18" bec="0" bev="0" fileid="83" />
            </Method>
            <Method visited="false" cyclomaticComplexity="1" nPathComplexity="0" sequenceCoverage="0" branchCoverage="0" crapScore="2" isConstructor="false" isStatic="false" isGetter="true" isSetter="false">
              <Summary numSequencePoints="3" visitedSequencePoints="0" numBranchPoints="1" visitedBranchPoints="0" sequenceCoverage="0" branchCoverage="0" maxCyclomaticComplexity="1" minCyclomaticComplexity="1" maxCrapScore="2" minCrapScore="2" visitedClasses="0" numClasses="0" visitedMethods="0" numMethods="1" />
              <MetadataToken>100663497</MetadataToken>
              <Name>System.String Client.Migrations.NotMappedClients::System.Data.Entity.Migrations.Infrastructure.IMigrationMetadata.get_Source()</Name>
              <FileRef uid="83" />
              <SequencePoints>
                <SequencePoint vc="0" uspid="1367" ordinal="0" offset="0" sl="21" sc="17" el="21" ec="18" bec="0" bev="0" fileid="83" />
                <SequencePoint vc="0" uspid="1368" ordinal="1" offset="1" sl="21" sc="19" el="21" ec="31" bec="0" bev="0" fileid="83" />
                <SequencePoint vc="0" uspid="1369" ordinal="2" offset="5" sl="21" sc="32" el="21" ec="33" bec="0" bev="0" fileid="83" />
              </SequencePoints>
              <BranchPoints />
              <MethodPoint xsi:type="SequencePoint" vc="0" uspid="1367" ordinal="0" offset="0" sl="21" sc="17" el="21" ec="18" bec="0" bev="0" fileid="83" />
            </Method>
            <Method visited="false" cyclomaticComplexity="1" nPathComplexity="0" sequenceCoverage="0" branchCoverage="0" crapScore="2" isConstructor="false" isStatic="false" isGetter="true" isSetter="false">
              <Summary numSequencePoints="3" visitedSequencePoints="0" numBranchPoints="1" visitedBranchPoints="0" sequenceCoverage="0" branchCoverage="0" maxCyclomaticComplexity="1" minCyclomaticComplexity="1" maxCrapScore="2" minCrapScore="2" visitedClasses="0" numClasses="0" visitedMethods="0" numMethods="1" />
              <MetadataToken>100663498</MetadataToken>
              <Name>System.String Client.Migrations.NotMappedClients::System.Data.Entity.Migrations.Infrastructure.IMigrationMetadata.get_Target()</Name>
              <FileRef uid="83" />
              <SequencePoints>
                <SequencePoint vc="0" uspid="1370" ordinal="0" offset="0" sl="26" sc="17" el="26" ec="18" bec="0" bev="0" fileid="83" />
                <SequencePoint vc="0" uspid="1371" ordinal="1" offset="1" sl="26" sc="19" el="26" ec="56" bec="0" bev="0" fileid="83" />
                <SequencePoint vc="0" uspid="1372" ordinal="2" offset="20" sl="26" sc="57" el="26" ec="58" bec="0" bev="0" fileid="83" />
              </SequencePoints>
              <BranchPoints />
              <MethodPoint xsi:type="SequencePoint" vc="0" uspid="1370" ordinal="0" offset="0" sl="26" sc="17" el="26" ec="18" bec="0" bev="0" fileid="83" />
            </Method>
            <Method visited="false" cyclomaticComplexity="2" nPathComplexity="0" sequenceCoverage="0" branchCoverage="0" crapScore="6" isConstructor="false" isStatic="false" isGetter="false" isSetter="false">
              <Summary numSequencePoints="7" visitedSequencePoints="0" numBranchPoints="1" visitedBranchPoints="0" sequenceCoverage="0" branchCoverage="0" maxCyclomaticComplexity="2" minCyclomaticComplexity="2" maxCrapScore="6" minCrapScore="6" visitedClasses="0" numClasses="0" visitedMethods="0" numMethods="1" />
              <MetadataToken>100663494</MetadataToken>
              <Name>System.Void Client.Migrations.NotMappedClients::Up()</Name>
              <FileRef uid="82" />
              <SequencePoints>
                <SequencePoint vc="0" uspid="1373" ordinal="0" offset="0" sl="9" sc="9" el="9" ec="10" bec="0" bev="0" fileid="82" />
                <SequencePoint vc="0" uspid="1374" ordinal="1" offset="1" sl="10" sc="13" el="10" ec="69" bec="0" bev="0" fileid="82" />
                <SequencePoint vc="0" uspid="1375" ordinal="2" offset="24" sl="11" sc="13" el="11" ec="60" bec="0" bev="0" fileid="82" />
                <SequencePoint vc="0" uspid="1376" ordinal="3" offset="51" sl="12" sc="13" el="12" ec="66" bec="0" bev="0" fileid="82" />
                <SequencePoint vc="0" uspid="1377" ordinal="4" offset="100" sl="13" sc="13" el="13" ec="52" bec="0" bev="0" fileid="82" />
                <SequencePoint vc="0" uspid="1378" ordinal="5" offset="121" sl="14" sc="13" el="14" ec="74" bec="0" bev="0" fileid="82" />
                <SequencePoint vc="0" uspid="1379" ordinal="6" offset="151" sl="15" sc="9" el="15" ec="10" bec="0" bev="0" fileid="82" />
              </SequencePoints>
              <BranchPoints />
              <MethodPoint xsi:type="SequencePoint" vc="0" uspid="1373" ordinal="0" offset="0" sl="9" sc="9" el="9" ec="10" bec="0" bev="0" fileid="82" />
            </Method>
            <Method visited="false" cyclomaticComplexity="2" nPathComplexity="0" sequenceCoverage="0" branchCoverage="0" crapScore="6" isConstructor="false" isStatic="false" isGetter="false" isSetter="false">
              <Summary numSequencePoints="7" visitedSequencePoints="0" numBranchPoints="1" visitedBranchPoints="0" sequenceCoverage="0" branchCoverage="0" maxCyclomaticComplexity="2" minCyclomaticComplexity="2" maxCrapScore="6" minCrapScore="6" visitedClasses="0" numClasses="0" visitedMethods="0" numMethods="1" />
              <MetadataToken>100663495</MetadataToken>
              <Name>System.Void Client.Migrations.NotMappedClients::Down()</Name>
              <FileRef uid="82" />
              <SequencePoints>
                <SequencePoint vc="0" uspid="1382" ordinal="0" offset="0" sl="18" sc="9" el="18" ec="10" bec="0" bev="0" fileid="82" />
                <SequencePoint vc="0" uspid="1383" ordinal="1" offset="1" sl="19" sc="13" el="19" ec="69" bec="0" bev="0" fileid="82" />
                <SequencePoint vc="0" uspid="1384" ordinal="2" offset="24" sl="20" sc="13" el="20" ec="60" bec="0" bev="0" fileid="82" />
                <SequencePoint vc="0" uspid="1385" ordinal="3" offset="51" sl="21" sc="13" el="21" ec="81" bec="0" bev="0" fileid="82" />
                <SequencePoint vc="0" uspid="1386" ordinal="4" offset="100" sl="22" sc="13" el="22" ec="52" bec="0" bev="0" fileid="82" />
                <SequencePoint vc="0" uspid="1387" ordinal="5" offset="121" sl="23" sc="13" el="23" ec="95" bec="0" bev="0" fileid="82" />
                <SequencePoint vc="0" uspid="1388" ordinal="6" offset="151" sl="24" sc="9" el="24" ec="10" bec="0" bev="0" fileid="82" />
              </SequencePoints>
              <BranchPoints />
              <MethodPoint xsi:type="SequencePoint" vc="0" uspid="1382" ordinal="0" offset="0" sl="18" sc="9" el="18" ec="10" bec="0" bev="0" fileid="82" />
            </Method>
            <Method visited="false" cyclomaticComplexity="1" nPathComplexity="0" sequenceCoverage="0" branchCoverage="0" crapScore="2" isConstructor="true" isStatic="false" isGetter="false" isSetter="false">
              <Summary numSequencePoints="1" visitedSequencePoints="0" numBranchPoints="1" visitedBranchPoints="0" sequenceCoverage="0" branchCoverage="0" maxCyclomaticComplexity="1" minCyclomaticComplexity="1" maxCrapScore="2" minCrapScore="2" visitedClasses="0" numClasses="0" visitedMethods="0" numMethods="1" />
              <MetadataToken>100663499</MetadataToken>
              <Name>System.Void Client.Migrations.NotMappedClients::.ctor()</Name>
              <FileRef uid="83" />
              <SequencePoints>
                <SequencePoint vc="0" uspid="1391" ordinal="0" offset="0" sl="12" sc="9" el="12" ec="100" bec="0" bev="0" fileid="83" />
              </SequencePoints>
              <BranchPoints />
              <MethodPoint xsi:type="SequencePoint" vc="0" uspid="1391" ordinal="0" offset="0" sl="12" sc="9" el="12" ec="100" bec="0" bev="0" fileid="83" />
            </Method>
          </Methods>
        </Class>
        <Class>
          <Summary numSequencePoints="2" visitedSequencePoints="0" numBranchPoints="2" visitedBranchPoints="0" sequenceCoverage="0" branchCoverage="0" maxCyclomaticComplexity="1" minCyclomaticComplexity="1" maxCrapScore="2" minCrapScore="2" visitedClasses="0" numClasses="1" visitedMethods="0" numMethods="2" />
          <FullName>Client.Migrations.NotMappedClients/&lt;&gt;c</FullName>
          <Methods>
            <Method visited="false" cyclomaticComplexity="1" nPathComplexity="0" sequenceCoverage="0" branchCoverage="0" crapScore="2" isConstructor="true" isStatic="true" isGetter="false" isSetter="false">
              <Summary numSequencePoints="0" visitedSequencePoints="0" numBranchPoints="0" visitedBranchPoints="0" sequenceCoverage="0" branchCoverage="0" maxCyclomaticComplexity="1" minCyclomaticComplexity="1" maxCrapScore="2" minCrapScore="2" visitedClasses="0" numClasses="0" visitedMethods="0" numMethods="0" />
              <MetadataToken>100663529</MetadataToken>
              <Name>System.Void Client.Migrations.NotMappedClients/&lt;&gt;c::.cctor()</Name>
              <SequencePoints />
              <BranchPoints />
              <MethodPoint vc="0" uspid="1392" ordinal="0" offset="0" />
            </Method>
            <Method visited="false" cyclomaticComplexity="1" nPathComplexity="0" sequenceCoverage="0" branchCoverage="0" crapScore="2" isConstructor="true" isStatic="false" isGetter="false" isSetter="false">
              <Summary numSequencePoints="0" visitedSequencePoints="0" numBranchPoints="0" visitedBranchPoints="0" sequenceCoverage="0" branchCoverage="0" maxCyclomaticComplexity="1" minCyclomaticComplexity="1" maxCrapScore="2" minCrapScore="2" visitedClasses="0" numClasses="0" visitedMethods="0" numMethods="0" />
              <MetadataToken>100663530</MetadataToken>
              <Name>System.Void Client.Migrations.NotMappedClients/&lt;&gt;c::.ctor()</Name>
              <SequencePoints />
              <BranchPoints />
              <MethodPoint vc="0" uspid="1393" ordinal="0" offset="0" />
            </Method>
            <Method visited="false" cyclomaticComplexity="1" nPathComplexity="0" sequenceCoverage="0" branchCoverage="0" crapScore="2" isConstructor="false" isStatic="false" isGetter="false" isSetter="false">
              <Summary numSequencePoints="1" visitedSequencePoints="0" numBranchPoints="1" visitedBranchPoints="0" sequenceCoverage="0" branchCoverage="0" maxCyclomaticComplexity="1" minCyclomaticComplexity="1" maxCrapScore="2" minCrapScore="2" visitedClasses="0" numClasses="0" visitedMethods="0" numMethods="1" />
              <MetadataToken>100663531</MetadataToken>
              <Name>System.Data.Entity.Migrations.Model.ColumnModel Client.Migrations.NotMappedClients/&lt;&gt;c::&lt;Up&gt;b__0_0(System.Data.Entity.Migrations.Builders.ColumnBuilder)</Name>
              <FileRef uid="82" />
              <SequencePoints>
                <SequencePoint vc="0" uspid="1394" ordinal="0" offset="0" sl="12" sc="57" el="12" ec="64" bec="0" bev="0" fileid="82" />
              </SequencePoints>
              <BranchPoints />
              <MethodPoint xsi:type="SequencePoint" vc="0" uspid="1394" ordinal="0" offset="0" sl="12" sc="57" el="12" ec="64" bec="0" bev="0" fileid="82" />
            </Method>
            <Method visited="false" cyclomaticComplexity="1" nPathComplexity="0" sequenceCoverage="0" branchCoverage="0" crapScore="2" isConstructor="false" isStatic="false" isGetter="false" isSetter="false">
              <Summary numSequencePoints="1" visitedSequencePoints="0" numBranchPoints="1" visitedBranchPoints="0" sequenceCoverage="0" branchCoverage="0" maxCyclomaticComplexity="1" minCyclomaticComplexity="1" maxCrapScore="2" minCrapScore="2" visitedClasses="0" numClasses="0" visitedMethods="0" numMethods="1" />
              <MetadataToken>100663532</MetadataToken>
              <Name>System.Data.Entity.Migrations.Model.ColumnModel Client.Migrations.NotMappedClients/&lt;&gt;c::&lt;Down&gt;b__1_0(System.Data.Entity.Migrations.Builders.ColumnBuilder)</Name>
              <FileRef uid="82" />
              <SequencePoints>
                <SequencePoint vc="0" uspid="1395" ordinal="0" offset="0" sl="21" sc="57" el="21" ec="79" bec="0" bev="0" fileid="82" />
              </SequencePoints>
              <BranchPoints />
              <MethodPoint xsi:type="SequencePoint" vc="0" uspid="1395" ordinal="0" offset="0" sl="21" sc="57" el="21" ec="79" bec="0" bev="0" fileid="82" />
            </Method>
          </Methods>
        </Class>
        <Class>
          <Summary numSequencePoints="6" visitedSequencePoints="0" numBranchPoints="2" visitedBranchPoints="0" sequenceCoverage="0" branchCoverage="0" maxCyclomaticComplexity="1" minCyclomaticComplexity="1" maxCrapScore="2" minCrapScore="2" visitedClasses="0" numClasses="1" visitedMethods="0" numMethods="2" />
          <FullName>Client.Migrations.Configuration</FullName>
          <Methods>
            <Method visited="false" cyclomaticComplexity="1" nPathComplexity="0" sequenceCoverage="0" branchCoverage="0" crapScore="2" isConstructor="true" isStatic="false" isGetter="false" isSetter="false">
              <Summary numSequencePoints="4" visitedSequencePoints="0" numBranchPoints="1" visitedBranchPoints="0" sequenceCoverage="0" branchCoverage="0" maxCyclomaticComplexity="1" minCyclomaticComplexity="1" maxCrapScore="2" minCrapScore="2" visitedClasses="0" numClasses="0" visitedMethods="0" numMethods="1" />
              <MetadataToken>100663500</MetadataToken>
              <Name>System.Void Client.Migrations.Configuration::.ctor()</Name>
              <FileRef uid="85" />
              <SequencePoints>
                <SequencePoint vc="0" uspid="1396" ordinal="0" offset="0" sl="10" sc="9" el="10" ec="31" bec="0" bev="0" fileid="85" />
                <SequencePoint vc="0" uspid="1397" ordinal="1" offset="7" sl="11" sc="9" el="11" ec="10" bec="0" bev="0" fileid="85" />
                <SequencePoint vc="0" uspid="1398" ordinal="2" offset="8" sl="12" sc="13" el="12" ec="48" bec="0" bev="0" fileid="85" />
                <SequencePoint vc="0" uspid="1399" ordinal="3" offset="16" sl="13" sc="9" el="13" ec="10" bec="0" bev="0" fileid="85" />
              </SequencePoints>
              <BranchPoints />
              <MethodPoint xsi:type="SequencePoint" vc="0" uspid="1396" ordinal="0" offset="0" sl="10" sc="9" el="10" ec="31" bec="0" bev="0" fileid="85" />
            </Method>
            <Method visited="false" cyclomaticComplexity="1" nPathComplexity="0" sequenceCoverage="0" branchCoverage="0" crapScore="2" isConstructor="false" isStatic="false" isGetter="false" isSetter="false">
              <Summary numSequencePoints="2" visitedSequencePoints="0" numBranchPoints="1" visitedBranchPoints="0" sequenceCoverage="0" branchCoverage="0" maxCyclomaticComplexity="1" minCyclomaticComplexity="1" maxCrapScore="2" minCrapScore="2" visitedClasses="0" numClasses="0" visitedMethods="0" numMethods="1" />
              <MetadataToken>100663501</MetadataToken>
              <Name>System.Void Client.Migrations.Configuration::Seed(Client.Repository)</Name>
              <FileRef uid="85" />
              <SequencePoints>
                <SequencePoint vc="0" uspid="1400" ordinal="0" offset="0" sl="16" sc="9" el="16" ec="10" bec="0" bev="0" fileid="85" />
                <SequencePoint vc="0" uspid="1401" ordinal="1" offset="1" sl="21" sc="9" el="21" ec="10" bec="0" bev="0" fileid="85" />
              </SequencePoints>
              <BranchPoints />
              <MethodPoint xsi:type="SequencePoint" vc="0" uspid="1400" ordinal="0" offset="0" sl="16" sc="9" el="16" ec="10" bec="0" bev="0" fileid="85" />
            </Method>
          </Methods>
        </Class>
      </Classes>
      <TrackedMethods />
    </Module>
  </Modules>
</CoverageSession>